{"/home/travis/build/npmtest/node-npmtest-file-type/test.js":{"path":"/home/travis/build/npmtest/node-npmtest-file-type/test.js","s":{"1":2,"2":2,"3":2,"4":2,"5":2,"6":2,"7":2,"8":1,"9":2,"10":2,"11":1,"12":1,"13":1,"14":1,"15":2,"16":2,"17":2,"18":2,"19":1,"20":1,"21":2,"22":2,"23":2,"24":1,"25":1,"26":1,"27":1,"28":1,"29":1,"30":1,"31":1,"32":1,"33":1,"34":1,"35":1,"36":1,"37":2,"38":2,"39":1,"40":2,"41":2,"42":1,"43":2,"44":2,"45":1,"46":2,"47":2,"48":1,"49":1,"50":1,"51":1,"52":1},"b":{"1":[2,1,1,1],"2":[1,1,1,1],"3":[1,1],"4":[1,1],"5":[1,1],"6":[1,1],"7":[1,1],"8":[1,1],"9":[1,1,1],"10":[1,1],"11":[1,1],"12":[1,1],"13":[1,1],"14":[1,1],"15":[1,1],"16":[1,1]},"f":{"1":2,"2":2,"3":2,"4":2,"5":2,"6":1,"7":1,"8":2,"9":2,"10":2,"11":2,"12":1},"fnMap":{"1":{"name":"(anonymous_1)","line":12,"loc":{"start":{"line":12,"column":1},"end":{"line":12,"column":13}}},"2":{"name":"(anonymous_2)","line":19,"loc":{"start":{"line":19,"column":5},"end":{"line":19,"column":17}}},"3":{"name":"(anonymous_3)","line":23,"loc":{"start":{"line":23,"column":24},"end":{"line":23,"column":36}}},"4":{"name":"(anonymous_4)","line":61,"loc":{"start":{"line":61,"column":5},"end":{"line":61,"column":17}}},"5":{"name":"(anonymous_5)","line":82,"loc":{"start":{"line":82,"column":5},"end":{"line":82,"column":17}}},"6":{"name":"(anonymous_6)","line":102,"loc":{"start":{"line":102,"column":83},"end":{"line":105,"column":10}},"skip":true},"7":{"name":"(anonymous_7)","line":113,"loc":{"start":{"line":113,"column":77},"end":{"line":116,"column":10}},"skip":true},"8":{"name":"(anonymous_8)","line":129,"loc":{"start":{"line":129,"column":12},"end":{"line":129,"column":40}},"skip":true},"9":{"name":"(anonymous_9)","line":137,"loc":{"start":{"line":137,"column":77},"end":{"line":140,"column":10}},"skip":true},"10":{"name":"(anonymous_10)","line":148,"loc":{"start":{"line":148,"column":83},"end":{"line":151,"column":10}},"skip":true},"11":{"name":"(anonymous_11)","line":159,"loc":{"start":{"line":159,"column":79},"end":{"line":162,"column":10}},"skip":true},"12":{"name":"(anonymous_12)","line":170,"loc":{"start":{"line":170,"column":75},"end":{"line":173,"column":10}},"skip":true}},"statementMap":{"1":{"start":{"line":12,"column":0},"end":{"line":185,"column":5}},"2":{"start":{"line":14,"column":4},"end":{"line":14,"column":14}},"3":{"start":{"line":19,"column":4},"end":{"line":56,"column":9}},"4":{"start":{"line":21,"column":8},"end":{"line":21,"column":19}},"5":{"start":{"line":23,"column":8},"end":{"line":35,"column":13}},"6":{"start":{"line":24,"column":12},"end":{"line":34,"column":13}},"7":{"start":{"line":25,"column":16},"end":{"line":28,"column":30}},"8":{"start":{"line":30,"column":16},"end":{"line":33,"column":27}},"9":{"start":{"line":37,"column":8},"end":{"line":39,"column":21}},"10":{"start":{"line":40,"column":8},"end":{"line":53,"column":9}},"11":{"start":{"line":43,"column":12},"end":{"line":46,"column":14}},"12":{"start":{"line":47,"column":12},"end":{"line":47,"column":18}},"13":{"start":{"line":50,"column":12},"end":{"line":51,"column":46}},"14":{"start":{"line":52,"column":12},"end":{"line":52,"column":18}},"15":{"start":{"line":55,"column":8},"end":{"line":55,"column":35}},"16":{"start":{"line":61,"column":4},"end":{"line":63,"column":9}},"17":{"start":{"line":62,"column":8},"end":{"line":62,"column":15}},"18":{"start":{"line":64,"column":4},"end":{"line":77,"column":5}},"19":{"start":{"line":70,"column":8},"end":{"line":70,"column":14}},"20":{"start":{"line":76,"column":8},"end":{"line":76,"column":14}},"21":{"start":{"line":82,"column":4},"end":{"line":84,"column":9}},"22":{"start":{"line":83,"column":8},"end":{"line":83,"column":15}},"23":{"start":{"line":85,"column":4},"end":{"line":184,"column":5}},"24":{"start":{"line":92,"column":8},"end":{"line":94,"column":63}},"25":{"start":{"line":95,"column":8},"end":{"line":95,"column":14}},"26":{"start":{"line":102,"column":8},"end":{"line":111,"column":10},"skip":true},"27":{"start":{"line":109,"column":12},"end":{"line":109,"column":55},"skip":true},"28":{"start":{"line":110,"column":12},"end":{"line":110,"column":48},"skip":true},"29":{"start":{"line":113,"column":8},"end":{"line":126,"column":10},"skip":true},"30":{"start":{"line":120,"column":12},"end":{"line":120,"column":76},"skip":true},"31":{"start":{"line":121,"column":12},"end":{"line":121,"column":73},"skip":true},"32":{"start":{"line":122,"column":12},"end":{"line":122,"column":74},"skip":true},"33":{"start":{"line":123,"column":12},"end":{"line":123,"column":79},"skip":true},"34":{"start":{"line":124,"column":12},"end":{"line":124,"column":25},"skip":true},"35":{"start":{"line":125,"column":12},"end":{"line":125,"column":45},"skip":true},"36":{"start":{"line":128,"column":8},"end":{"line":135,"column":14},"skip":true},"37":{"start":{"line":133,"column":16},"end":{"line":133,"column":29},"skip":true},"38":{"start":{"line":134,"column":16},"end":{"line":134,"column":55},"skip":true},"39":{"start":{"line":137,"column":8},"end":{"line":146,"column":10},"skip":true},"40":{"start":{"line":144,"column":12},"end":{"line":144,"column":25},"skip":true},"41":{"start":{"line":145,"column":12},"end":{"line":145,"column":45},"skip":true},"42":{"start":{"line":148,"column":8},"end":{"line":157,"column":10},"skip":true},"43":{"start":{"line":155,"column":12},"end":{"line":155,"column":25},"skip":true},"44":{"start":{"line":156,"column":12},"end":{"line":156,"column":48},"skip":true},"45":{"start":{"line":159,"column":8},"end":{"line":168,"column":10},"skip":true},"46":{"start":{"line":166,"column":12},"end":{"line":166,"column":25},"skip":true},"47":{"start":{"line":167,"column":12},"end":{"line":167,"column":46},"skip":true},"48":{"start":{"line":170,"column":8},"end":{"line":179,"column":10},"skip":true},"49":{"start":{"line":177,"column":12},"end":{"line":177,"column":94},"skip":true},"50":{"start":{"line":178,"column":12},"end":{"line":178,"column":48},"skip":true},"51":{"start":{"line":182,"column":8},"end":{"line":182,"column":35},"skip":true},"52":{"start":{"line":183,"column":8},"end":{"line":183,"column":14},"skip":true}},"branchMap":{"1":{"line":25,"type":"binary-expr","locations":[{"start":{"line":25,"column":23},"end":{"line":25,"column":62}},{"start":{"line":26,"column":20},"end":{"line":26,"column":70}},{"start":{"line":27,"column":20},"end":{"line":27,"column":71}},{"start":{"line":28,"column":20},"end":{"line":28,"column":29}}]},"2":{"line":30,"type":"binary-expr","locations":[{"start":{"line":30,"column":23},"end":{"line":30,"column":37}},{"start":{"line":31,"column":20},"end":{"line":31,"column":61}},{"start":{"line":32,"column":20},"end":{"line":32,"column":70}},{"start":{"line":33,"column":20},"end":{"line":33,"column":26}}]},"3":{"line":37,"type":"cond-expr","locations":[{"start":{"line":38,"column":14},"end":{"line":38,"column":20}},{"start":{"line":39,"column":14},"end":{"line":39,"column":20}}]},"4":{"line":40,"type":"switch","locations":[{"start":{"line":42,"column":8},"end":{"line":47,"column":18}},{"start":{"line":49,"column":8},"end":{"line":52,"column":18}}]},"5":{"line":44,"type":"binary-expr","locations":[{"start":{"line":44,"column":16},"end":{"line":44,"column":44}},{"start":{"line":44,"column":48},"end":{"line":44,"column":66}}]},"6":{"line":50,"type":"binary-expr","locations":[{"start":{"line":50,"column":21},"end":{"line":50,"column":49}},{"start":{"line":50,"column":53},"end":{"line":50,"column":72}}]},"7":{"line":64,"type":"switch","locations":[{"start":{"line":69,"column":4},"end":{"line":70,"column":14}},{"start":{"line":75,"column":4},"end":{"line":76,"column":14}}]},"8":{"line":85,"type":"switch","locations":[{"start":{"line":90,"column":4},"end":{"line":95,"column":14}},{"start":{"line":101,"column":4},"end":{"line":183,"column":14},"skip":true}]},"9":{"line":92,"type":"binary-expr","locations":[{"start":{"line":92,"column":18},"end":{"line":92,"column":32}},{"start":{"line":93,"column":12},"end":{"line":93,"column":53}},{"start":{"line":94,"column":12},"end":{"line":94,"column":61}}]},"10":{"line":102,"type":"binary-expr","locations":[{"start":{"line":102,"column":45},"end":{"line":102,"column":79},"skip":true},{"start":{"line":102,"column":83},"end":{"line":111,"column":9},"skip":true}]},"11":{"line":113,"type":"binary-expr","locations":[{"start":{"line":113,"column":42},"end":{"line":113,"column":73},"skip":true},{"start":{"line":113,"column":77},"end":{"line":126,"column":9},"skip":true}]},"12":{"line":128,"type":"binary-expr","locations":[{"start":{"line":128,"column":48},"end":{"line":128,"column":85},"skip":true},{"start":{"line":129,"column":12},"end":{"line":135,"column":13},"skip":true}]},"13":{"line":137,"type":"binary-expr","locations":[{"start":{"line":137,"column":42},"end":{"line":137,"column":73},"skip":true},{"start":{"line":137,"column":77},"end":{"line":146,"column":9},"skip":true}]},"14":{"line":148,"type":"binary-expr","locations":[{"start":{"line":148,"column":45},"end":{"line":148,"column":79},"skip":true},{"start":{"line":148,"column":83},"end":{"line":157,"column":9},"skip":true}]},"15":{"line":159,"type":"binary-expr","locations":[{"start":{"line":159,"column":43},"end":{"line":159,"column":75},"skip":true},{"start":{"line":159,"column":79},"end":{"line":168,"column":9},"skip":true}]},"16":{"line":170,"type":"binary-expr","locations":[{"start":{"line":170,"column":41},"end":{"line":170,"column":71},"skip":true},{"start":{"line":170,"column":75},"end":{"line":179,"column":9},"skip":true}]}},"code":["/* istanbul instrument in package npmtest_file_type */","/*jslint","    bitwise: true,","    browser: true,","    maxerr: 8,","    maxlen: 96,","    node: true,","    nomen: true,","    regexp: true,","    stupid: true","*/","(function () {","    'use strict';","    var local;","","","","    // run shared js-env code - pre-init","    (function () {","        // init local","        local = {};","        // init modeJs","        local.modeJs = (function () {","            try {","                return typeof navigator.userAgent === 'string' &&","                    typeof document.querySelector('body') === 'object' &&","                    typeof XMLHttpRequest.prototype.open === 'function' &&","                    'browser';","            } catch (errorCaughtBrowser) {","                return module.exports &&","                    typeof process.versions.node === 'string' &&","                    typeof require('http').createServer === 'function' &&","                    'node';","            }","        }());","        // init global","        local.global = local.modeJs === 'browser'","            ? window","            : global;","        switch (local.modeJs) {","        // re-init local from window.local","        case 'browser':","            local = local.global.utility2.objectSetDefault(","                local.global.utility2_rollup || local.global.local,","                local.global.utility2","            );","            break;","        // re-init local from example.js","        case 'node':","            local = (local.global.utility2_rollup || require('utility2'))","                .requireExampleJsFromReadme();","            break;","        }","        // export local","        local.global.local = local;","    }());","","","","    // run shared js-env code - function","    (function () {","        return;","    }());","    switch (local.modeJs) {","","","","    // run browser js-env code - function","    case 'browser':","        break;","","","","    // run node js-env code - function","    case 'node':","        break;","    }","","","","    // run shared js-env code - post-init","    (function () {","        return;","    }());","    switch (local.modeJs) {","","","","    // run browser js-env code - post-init","    case 'browser':","        // run tests","        local.nop(local.modeTest &&","            document.querySelector('#testRunButton1') &&","            document.querySelector('#testRunButton1').click());","        break;","","","","    // run node js-env code - post-init","    /* istanbul ignore next */","    case 'node':","        local.testCase_buildApidoc_default = local.testCase_buildApidoc_default || function (","            options,","            onError","        ) {","        /*","         * this function will test buildApidoc's default handling-behavior-behavior","         */","            options = { modulePathList: module.paths };","            local.buildApidoc(options, onError);","        };","","        local.testCase_buildApp_default = local.testCase_buildApp_default || function (","            options,","            onError","        ) {","        /*","         * this function will test buildApp's default handling-behavior-behavior","         */","            local.testCase_buildReadme_default(options, local.onErrorThrow);","            local.testCase_buildLib_default(options, local.onErrorThrow);","            local.testCase_buildTest_default(options, local.onErrorThrow);","            local.testCase_buildCustomOrg_default(options, local.onErrorThrow);","            options = [];","            local.buildApp(options, onError);","        };","","        local.testCase_buildCustomOrg_default = local.testCase_buildCustomOrg_default ||","            function (options, onError) {","            /*","             * this function will test buildCustomOrg's default handling-behavior","             */","                options = {};","                local.buildCustomOrg(options, onError);","            };","","        local.testCase_buildLib_default = local.testCase_buildLib_default || function (","            options,","            onError","        ) {","        /*","         * this function will test buildLib's default handling-behavior","         */","            options = {};","            local.buildLib(options, onError);","        };","","        local.testCase_buildReadme_default = local.testCase_buildReadme_default || function (","            options,","            onError","        ) {","        /*","         * this function will test buildReadme's default handling-behavior-behavior","         */","            options = {};","            local.buildReadme(options, onError);","        };","","        local.testCase_buildTest_default = local.testCase_buildTest_default || function (","            options,","            onError","        ) {","        /*","         * this function will test buildTest's default handling-behavior","         */","            options = {};","            local.buildTest(options, onError);","        };","","        local.testCase_webpage_default = local.testCase_webpage_default || function (","            options,","            onError","        ) {","        /*","         * this function will test webpage's default handling-behavior","         */","            options = { modeCoverageMerge: true, url: local.serverLocalHost + '?modeTest=1' };","            local.browserTest(options, onError);","        };","","        // run test-server","        local.testRunServer(local);","        break;","    }","}());",""],"l":{"12":2,"14":2,"19":2,"21":2,"23":2,"24":2,"25":2,"30":1,"37":2,"40":2,"43":1,"47":1,"50":1,"52":1,"55":2,"61":2,"62":2,"64":2,"70":1,"76":1,"82":2,"83":2,"85":2,"92":1,"95":1,"102":1,"109":1,"110":1,"113":1,"120":1,"121":1,"122":1,"123":1,"124":1,"125":1,"128":1,"133":2,"134":2,"137":1,"144":2,"145":2,"148":1,"155":2,"156":2,"159":1,"166":2,"167":2,"170":1,"177":1,"178":1,"182":1,"183":1}},"/home/travis/build/npmtest/node-npmtest-file-type/lib.npmtest_file_type.js":{"path":"/home/travis/build/npmtest/node-npmtest-file-type/lib.npmtest_file_type.js","s":{"1":2,"2":2,"3":2,"4":2,"5":2,"6":2,"7":2,"8":1,"9":2,"10":2,"11":2,"12":2,"13":1,"14":1,"15":1,"16":1},"b":{"1":[2,1,1,1],"2":[1,1,1,1],"3":[1,1],"4":[2,2],"5":[1,1]},"f":{"1":2,"2":2,"3":2},"fnMap":{"1":{"name":"(anonymous_1)","line":12,"loc":{"start":{"line":12,"column":1},"end":{"line":12,"column":13}}},"2":{"name":"(anonymous_2)","line":19,"loc":{"start":{"line":19,"column":5},"end":{"line":19,"column":17}}},"3":{"name":"(anonymous_3)","line":23,"loc":{"start":{"line":23,"column":24},"end":{"line":23,"column":36}}}},"statementMap":{"1":{"start":{"line":12,"column":0},"end":{"line":53,"column":5}},"2":{"start":{"line":14,"column":4},"end":{"line":14,"column":14}},"3":{"start":{"line":19,"column":4},"end":{"line":52,"column":9}},"4":{"start":{"line":21,"column":8},"end":{"line":21,"column":19}},"5":{"start":{"line":23,"column":8},"end":{"line":35,"column":13}},"6":{"start":{"line":24,"column":12},"end":{"line":34,"column":13}},"7":{"start":{"line":25,"column":16},"end":{"line":28,"column":30}},"8":{"start":{"line":30,"column":16},"end":{"line":33,"column":27}},"9":{"start":{"line":37,"column":8},"end":{"line":39,"column":21}},"10":{"start":{"line":41,"column":8},"end":{"line":41,"column":54}},"11":{"start":{"line":43,"column":8},"end":{"line":43,"column":54}},"12":{"start":{"line":45,"column":8},"end":{"line":51,"column":9}},"13":{"start":{"line":46,"column":12},"end":{"line":46,"column":60}},"14":{"start":{"line":48,"column":12},"end":{"line":48,"column":35}},"15":{"start":{"line":49,"column":12},"end":{"line":49,"column":49}},"16":{"start":{"line":50,"column":12},"end":{"line":50,"column":43}}},"branchMap":{"1":{"line":25,"type":"binary-expr","locations":[{"start":{"line":25,"column":23},"end":{"line":25,"column":62}},{"start":{"line":26,"column":20},"end":{"line":26,"column":70}},{"start":{"line":27,"column":20},"end":{"line":27,"column":71}},{"start":{"line":28,"column":20},"end":{"line":28,"column":29}}]},"2":{"line":30,"type":"binary-expr","locations":[{"start":{"line":30,"column":23},"end":{"line":30,"column":37}},{"start":{"line":31,"column":20},"end":{"line":31,"column":61}},{"start":{"line":32,"column":20},"end":{"line":32,"column":70}},{"start":{"line":33,"column":20},"end":{"line":33,"column":26}}]},"3":{"line":37,"type":"cond-expr","locations":[{"start":{"line":38,"column":14},"end":{"line":38,"column":20}},{"start":{"line":39,"column":14},"end":{"line":39,"column":20}}]},"4":{"line":41,"type":"binary-expr","locations":[{"start":{"line":41,"column":16},"end":{"line":41,"column":44}},{"start":{"line":41,"column":48},"end":{"line":41,"column":53}}]},"5":{"line":45,"type":"if","locations":[{"start":{"line":45,"column":8},"end":{"line":45,"column":8}},{"start":{"line":45,"column":8},"end":{"line":45,"column":8}}]}},"code":["/* istanbul instrument in package npmtest_file_type */","/*jslint","    bitwise: true,","    browser: true,","    maxerr: 8,","    maxlen: 96,","    node: true,","    nomen: true,","    regexp: true,","    stupid: true","*/","(function () {","    'use strict';","    var local;","","","","    // run shared js-env code - pre-init","    (function () {","        // init local","        local = {};","        // init modeJs","        local.modeJs = (function () {","            try {","                return typeof navigator.userAgent === 'string' &&","                    typeof document.querySelector('body') === 'object' &&","                    typeof XMLHttpRequest.prototype.open === 'function' &&","                    'browser';","            } catch (errorCaughtBrowser) {","                return module.exports &&","                    typeof process.versions.node === 'string' &&","                    typeof require('http').createServer === 'function' &&","                    'node';","            }","        }());","        // init global","        local.global = local.modeJs === 'browser'","            ? window","            : global;","        // init utility2_rollup","        local = local.global.utility2_rollup || local;","        // init lib","        local.local = local.npmtest_file_type = local;","        // init exports","        if (local.modeJs === 'browser') {","            local.global.utility2_npmtest_file_type = local;","        } else {","            module.exports = local;","            module.exports.__dirname = __dirname;","            module.exports.module = module;","        }","    }());","}());",""],"l":{"12":2,"14":2,"19":2,"21":2,"23":2,"24":2,"25":2,"30":1,"37":2,"41":2,"43":2,"45":2,"46":1,"48":1,"49":1,"50":1}},"/home/travis/build/npmtest/node-npmtest-file-type/example.js":{"path":"/home/travis/build/npmtest/node-npmtest-file-type/example.js","s":{"1":2,"2":2,"3":2,"4":2,"5":2,"6":2,"7":2,"8":1,"9":2,"10":2,"11":2,"12":2,"13":1,"14":2,"15":2,"16":2,"17":2,"18":2,"19":0,"20":2,"21":1,"22":1,"23":1,"24":1,"25":1,"26":0,"27":0,"28":1,"29":1,"30":2,"31":0,"32":0,"33":0,"34":1,"35":2,"36":2,"37":2,"38":2,"39":2,"40":2,"41":0,"42":2,"43":2,"44":2,"45":1,"46":3,"47":1,"48":1,"49":1,"50":1,"51":1,"52":1,"53":1,"54":1,"55":1,"56":1,"57":0,"58":1,"59":6,"60":6,"61":1,"62":2,"63":0,"64":2,"65":1,"66":1,"67":0,"68":0,"69":0,"70":0,"71":0,"72":0,"73":0,"74":0,"75":0,"76":0,"77":0,"78":0,"79":0,"80":0,"81":0,"82":0,"83":0},"b":{"1":[2,1,1,1],"2":[1,1,1,1],"3":[1,1],"4":[2,2],"5":[1,1],"6":[1,1],"7":[2,0],"8":[2,1,1,1,1,1],"9":[0,2,0],"10":[1,1],"11":[2,1,1],"12":[1,0],"13":[0,2],"14":[2,0,0,0,0,0,0],"15":[0,2],"16":[2,0],"17":[1,1],"18":[0,1],"19":[1,2,0,2],"20":[1,0],"21":[1,1],"22":[0,0],"23":[0,0],"24":[0,0],"25":[0,0],"26":[0,0],"27":[0,0],"28":[0,0]},"f":{"1":2,"2":2,"3":2,"4":2,"5":2,"6":2,"7":2,"8":2,"9":3,"10":1,"11":6,"12":0},"fnMap":{"1":{"name":"(anonymous_1)","line":26,"loc":{"start":{"line":26,"column":1},"end":{"line":26,"column":13}}},"2":{"name":"(anonymous_2)","line":33,"loc":{"start":{"line":33,"column":5},"end":{"line":33,"column":17}}},"3":{"name":"(anonymous_3)","line":37,"loc":{"start":{"line":37,"column":24},"end":{"line":37,"column":36}}},"4":{"name":"(anonymous_4)","line":69,"loc":{"start":{"line":69,"column":31},"end":{"line":69,"column":48}},"skip":true},"5":{"name":"(anonymous_5)","line":78,"loc":{"start":{"line":78,"column":26},"end":{"line":78,"column":45}},"skip":true},"6":{"name":"(anonymous_6)","line":123,"loc":{"start":{"line":123,"column":33},"end":{"line":123,"column":48}},"skip":true},"7":{"name":"(anonymous_7)","line":125,"loc":{"start":{"line":125,"column":27},"end":{"line":125,"column":39}},"skip":true},"8":{"name":"(anonymous_8)","line":133,"loc":{"start":{"line":133,"column":59},"end":{"line":133,"column":74}},"skip":true},"9":{"name":"(anonymous_9)","line":143,"loc":{"start":{"line":143,"column":45},"end":{"line":143,"column":62}},"skip":true},"10":{"name":"(anonymous_10)","line":144,"loc":{"start":{"line":144,"column":73},"end":{"line":144,"column":92}},"skip":true},"11":{"name":"(anonymous_11)","line":272,"loc":{"start":{"line":272,"column":51},"end":{"line":272,"column":77}},"skip":true},"12":{"name":"(anonymous_12)","line":314,"loc":{"start":{"line":314,"column":32},"end":{"line":314,"column":61}},"skip":true}},"statementMap":{"1":{"start":{"line":26,"column":0},"end":{"line":325,"column":5}},"2":{"start":{"line":28,"column":4},"end":{"line":28,"column":14}},"3":{"start":{"line":33,"column":4},"end":{"line":60,"column":9}},"4":{"start":{"line":35,"column":8},"end":{"line":35,"column":19}},"5":{"start":{"line":37,"column":8},"end":{"line":49,"column":13}},"6":{"start":{"line":38,"column":12},"end":{"line":48,"column":13}},"7":{"start":{"line":39,"column":16},"end":{"line":42,"column":30}},"8":{"start":{"line":44,"column":16},"end":{"line":47,"column":27}},"9":{"start":{"line":51,"column":8},"end":{"line":53,"column":21}},"10":{"start":{"line":55,"column":8},"end":{"line":57,"column":45}},"11":{"start":{"line":59,"column":8},"end":{"line":59,"column":35}},"12":{"start":{"line":61,"column":4},"end":{"line":324,"column":5}},"13":{"start":{"line":69,"column":8},"end":{"line":121,"column":10},"skip":true},"14":{"start":{"line":70,"column":12},"end":{"line":88,"column":13},"skip":true},"15":{"start":{"line":76,"column":16},"end":{"line":87,"column":19},"skip":true},"16":{"start":{"line":79,"column":20},"end":{"line":86,"column":21},"skip":true},"17":{"start":{"line":82,"column":24},"end":{"line":82,"column":43},"skip":true},"18":{"start":{"line":83,"column":24},"end":{"line":83,"column":30},"skip":true},"19":{"start":{"line":85,"column":24},"end":{"line":85,"column":49},"skip":true},"20":{"start":{"line":89,"column":12},"end":{"line":107,"column":13},"skip":true},"21":{"start":{"line":92,"column":16},"end":{"line":102,"column":17},"skip":true},"22":{"start":{"line":93,"column":20},"end":{"line":93,"column":86},"skip":true},"23":{"start":{"line":94,"column":20},"end":{"line":95,"column":45},"skip":true},"24":{"start":{"line":96,"column":20},"end":{"line":96,"column":42},"skip":true},"25":{"start":{"line":97,"column":20},"end":{"line":97,"column":48},"skip":true},"26":{"start":{"line":100,"column":20},"end":{"line":100,"column":85},"skip":true},"27":{"start":{"line":101,"column":20},"end":{"line":101,"column":96},"skip":true},"28":{"start":{"line":103,"column":16},"end":{"line":103,"column":22},"skip":true},"29":{"start":{"line":106,"column":16},"end":{"line":106,"column":22},"skip":true},"30":{"start":{"line":108,"column":12},"end":{"line":120,"column":13},"skip":true},"31":{"start":{"line":114,"column":16},"end":{"line":119,"column":17},"skip":true},"32":{"start":{"line":116,"column":20},"end":{"line":116,"column":78},"skip":true},"33":{"start":{"line":118,"column":20},"end":{"line":118,"column":53},"skip":true},"34":{"start":{"line":123,"column":8},"end":{"line":141,"column":11},"skip":true},"35":{"start":{"line":124,"column":12},"end":{"line":124,"column":54},"skip":true},"36":{"start":{"line":125,"column":12},"end":{"line":140,"column":14},"skip":true},"37":{"start":{"line":126,"column":16},"end":{"line":126,"column":28},"skip":true},"38":{"start":{"line":127,"column":16},"end":{"line":127,"column":69},"skip":true},"39":{"start":{"line":128,"column":16},"end":{"line":128,"column":75},"skip":true},"40":{"start":{"line":129,"column":16},"end":{"line":131,"column":17},"skip":true},"41":{"start":{"line":130,"column":20},"end":{"line":130,"column":27},"skip":true},"42":{"start":{"line":133,"column":16},"end":{"line":137,"column":36},"skip":true},"43":{"start":{"line":134,"column":20},"end":{"line":136,"column":55},"skip":true},"44":{"start":{"line":139,"column":16},"end":{"line":139,"column":57},"skip":true},"45":{"start":{"line":143,"column":8},"end":{"line":147,"column":11},"skip":true},"46":{"start":{"line":144,"column":12},"end":{"line":146,"column":15},"skip":true},"47":{"start":{"line":145,"column":16},"end":{"line":145,"column":70},"skip":true},"48":{"start":{"line":149,"column":8},"end":{"line":149,"column":31},"skip":true},"49":{"start":{"line":150,"column":8},"end":{"line":150,"column":14},"skip":true},"50":{"start":{"line":158,"column":8},"end":{"line":158,"column":31},"skip":true},"51":{"start":{"line":160,"column":8},"end":{"line":160,"column":33},"skip":true},"52":{"start":{"line":161,"column":8},"end":{"line":161,"column":37},"skip":true},"53":{"start":{"line":162,"column":8},"end":{"line":162,"column":35},"skip":true},"54":{"start":{"line":164,"column":8},"end":{"line":164,"column":50},"skip":true},"55":{"start":{"line":166,"column":8},"end":{"line":256,"column":2},"skip":true},"56":{"start":{"line":258,"column":8},"end":{"line":286,"column":9},"skip":true},"57":{"start":{"line":259,"column":12},"end":{"line":269,"column":14},"skip":true},"58":{"start":{"line":271,"column":12},"end":{"line":285,"column":19},"skip":true},"59":{"start":{"line":274,"column":20},"end":{"line":274,"column":35},"skip":true},"60":{"start":{"line":275,"column":20},"end":{"line":284,"column":21},"skip":true},"61":{"start":{"line":277,"column":24},"end":{"line":277,"column":64},"skip":true},"62":{"start":{"line":279,"column":24},"end":{"line":279,"column":40},"skip":true},"63":{"start":{"line":281,"column":24},"end":{"line":281,"column":40},"skip":true},"64":{"start":{"line":283,"column":24},"end":{"line":283,"column":39},"skip":true},"65":{"start":{"line":288,"column":8},"end":{"line":290,"column":9},"skip":true},"66":{"start":{"line":289,"column":12},"end":{"line":289,"column":18},"skip":true},"67":{"start":{"line":291,"column":8},"end":{"line":293,"column":54},"skip":true},"68":{"start":{"line":294,"column":8},"end":{"line":301,"column":37},"skip":true},"69":{"start":{"line":302,"column":8},"end":{"line":302,"column":82},"skip":true},"70":{"start":{"line":305,"column":8},"end":{"line":307,"column":9},"skip":true},"71":{"start":{"line":306,"column":12},"end":{"line":306,"column":82},"skip":true},"72":{"start":{"line":309,"column":8},"end":{"line":311,"column":9},"skip":true},"73":{"start":{"line":310,"column":12},"end":{"line":310,"column":18},"skip":true},"74":{"start":{"line":312,"column":8},"end":{"line":312,"column":54},"skip":true},"75":{"start":{"line":313,"column":8},"end":{"line":313,"column":69},"skip":true},"76":{"start":{"line":314,"column":8},"end":{"line":322,"column":36},"skip":true},"77":{"start":{"line":315,"column":12},"end":{"line":315,"column":61},"skip":true},"78":{"start":{"line":316,"column":12},"end":{"line":319,"column":13},"skip":true},"79":{"start":{"line":317,"column":16},"end":{"line":317,"column":75},"skip":true},"80":{"start":{"line":318,"column":16},"end":{"line":318,"column":23},"skip":true},"81":{"start":{"line":320,"column":12},"end":{"line":320,"column":38},"skip":true},"82":{"start":{"line":321,"column":12},"end":{"line":321,"column":27},"skip":true},"83":{"start":{"line":323,"column":8},"end":{"line":323,"column":14},"skip":true}},"branchMap":{"1":{"line":39,"type":"binary-expr","locations":[{"start":{"line":39,"column":23},"end":{"line":39,"column":62}},{"start":{"line":40,"column":20},"end":{"line":40,"column":70}},{"start":{"line":41,"column":20},"end":{"line":41,"column":71}},{"start":{"line":42,"column":20},"end":{"line":42,"column":29}}]},"2":{"line":44,"type":"binary-expr","locations":[{"start":{"line":44,"column":23},"end":{"line":44,"column":37}},{"start":{"line":45,"column":20},"end":{"line":45,"column":61}},{"start":{"line":46,"column":20},"end":{"line":46,"column":70}},{"start":{"line":47,"column":20},"end":{"line":47,"column":26}}]},"3":{"line":51,"type":"cond-expr","locations":[{"start":{"line":52,"column":14},"end":{"line":52,"column":20}},{"start":{"line":53,"column":14},"end":{"line":53,"column":20}}]},"4":{"line":55,"type":"binary-expr","locations":[{"start":{"line":55,"column":16},"end":{"line":55,"column":44}},{"start":{"line":55,"column":49},"end":{"line":57,"column":43}}]},"5":{"line":55,"type":"cond-expr","locations":[{"start":{"line":56,"column":14},"end":{"line":56,"column":53}},{"start":{"line":57,"column":14},"end":{"line":57,"column":43}}]},"6":{"line":61,"type":"switch","locations":[{"start":{"line":68,"column":4},"end":{"line":150,"column":14},"skip":true},{"start":{"line":156,"column":4},"end":{"line":323,"column":14},"skip":true}]},"7":{"line":70,"type":"if","locations":[{"start":{"line":70,"column":12},"end":{"line":70,"column":12},"skip":true},{"start":{"line":70,"column":12},"end":{"line":70,"column":12},"skip":true}]},"8":{"line":70,"type":"binary-expr","locations":[{"start":{"line":70,"column":16},"end":{"line":70,"column":22},"skip":true},{"start":{"line":70,"column":27},"end":{"line":70,"column":32},"skip":true},{"start":{"line":71,"column":20},"end":{"line":71,"column":39},"skip":true},{"start":{"line":72,"column":20},"end":{"line":72,"column":49},"skip":true},{"start":{"line":73,"column":20},"end":{"line":73,"column":58},"skip":true},{"start":{"line":74,"column":20},"end":{"line":74,"column":69},"skip":true}]},"9":{"line":79,"type":"switch","locations":[{"start":{"line":80,"column":20},"end":{"line":80,"column":33},"skip":true},{"start":{"line":81,"column":20},"end":{"line":83,"column":30},"skip":true},{"start":{"line":84,"column":20},"end":{"line":85,"column":49},"skip":true}]},"10":{"line":89,"type":"switch","locations":[{"start":{"line":90,"column":12},"end":{"line":103,"column":22},"skip":true},{"start":{"line":105,"column":12},"end":{"line":106,"column":22},"skip":true}]},"11":{"line":89,"type":"binary-expr","locations":[{"start":{"line":89,"column":20},"end":{"line":89,"column":25},"skip":true},{"start":{"line":89,"column":29},"end":{"line":89,"column":48},"skip":true},{"start":{"line":89,"column":52},"end":{"line":89,"column":74},"skip":true}]},"12":{"line":92,"type":"if","locations":[{"start":{"line":92,"column":16},"end":{"line":92,"column":16},"skip":true},{"start":{"line":92,"column":16},"end":{"line":92,"column":16},"skip":true}]},"13":{"line":108,"type":"if","locations":[{"start":{"line":108,"column":12},"end":{"line":108,"column":12},"skip":true},{"start":{"line":108,"column":12},"end":{"line":108,"column":12},"skip":true}]},"14":{"line":108,"type":"binary-expr","locations":[{"start":{"line":108,"column":16},"end":{"line":108,"column":61},"skip":true},{"start":{"line":108,"column":66},"end":{"line":108,"column":72},"skip":true},{"start":{"line":108,"column":77},"end":{"line":108,"column":82},"skip":true},{"start":{"line":109,"column":20},"end":{"line":109,"column":39},"skip":true},{"start":{"line":110,"column":20},"end":{"line":110,"column":49},"skip":true},{"start":{"line":111,"column":20},"end":{"line":111,"column":58},"skip":true},{"start":{"line":112,"column":20},"end":{"line":112,"column":68},"skip":true}]},"15":{"line":129,"type":"if","locations":[{"start":{"line":129,"column":16},"end":{"line":129,"column":16},"skip":true},{"start":{"line":129,"column":16},"end":{"line":129,"column":16},"skip":true}]},"16":{"line":134,"type":"cond-expr","locations":[{"start":{"line":135,"column":26},"end":{"line":135,"column":29},"skip":true},{"start":{"line":136,"column":26},"end":{"line":136,"column":54},"skip":true}]},"17":{"line":164,"type":"binary-expr","locations":[{"start":{"line":164,"column":27},"end":{"line":164,"column":43},"skip":true},{"start":{"line":164,"column":47},"end":{"line":164,"column":49},"skip":true}]},"18":{"line":258,"type":"if","locations":[{"start":{"line":258,"column":8},"end":{"line":258,"column":8},"skip":true},{"start":{"line":258,"column":8},"end":{"line":258,"column":8},"skip":true}]},"19":{"line":275,"type":"switch","locations":[{"start":{"line":276,"column":20},"end":{"line":277,"column":64},"skip":true},{"start":{"line":278,"column":20},"end":{"line":279,"column":40},"skip":true},{"start":{"line":280,"column":20},"end":{"line":281,"column":40},"skip":true},{"start":{"line":282,"column":20},"end":{"line":283,"column":39},"skip":true}]},"20":{"line":288,"type":"if","locations":[{"start":{"line":288,"column":8},"end":{"line":288,"column":8},"skip":true},{"start":{"line":288,"column":8},"end":{"line":288,"column":8},"skip":true}]},"21":{"line":288,"type":"binary-expr","locations":[{"start":{"line":288,"column":12},"end":{"line":288,"column":40},"skip":true},{"start":{"line":288,"column":44},"end":{"line":288,"column":67},"skip":true}]},"22":{"line":292,"type":"binary-expr","locations":[{"start":{"line":292,"column":12},"end":{"line":292,"column":50},"skip":true},{"start":{"line":293,"column":12},"end":{"line":293,"column":53},"skip":true}]},"23":{"line":295,"type":"binary-expr","locations":[{"start":{"line":295,"column":12},"end":{"line":295,"column":67},"skip":true},{"start":{"line":296,"column":12},"end":{"line":301,"column":36},"skip":true}]},"24":{"line":302,"type":"binary-expr","locations":[{"start":{"line":302,"column":43},"end":{"line":302,"column":75},"skip":true},{"start":{"line":302,"column":79},"end":{"line":302,"column":81},"skip":true}]},"25":{"line":305,"type":"if","locations":[{"start":{"line":305,"column":8},"end":{"line":305,"column":8},"skip":true},{"start":{"line":305,"column":8},"end":{"line":305,"column":8},"skip":true}]},"26":{"line":309,"type":"if","locations":[{"start":{"line":309,"column":8},"end":{"line":309,"column":8},"skip":true},{"start":{"line":309,"column":8},"end":{"line":309,"column":8},"skip":true}]},"27":{"line":312,"type":"binary-expr","locations":[{"start":{"line":312,"column":27},"end":{"line":312,"column":43},"skip":true},{"start":{"line":312,"column":47},"end":{"line":312,"column":53},"skip":true}]},"28":{"line":316,"type":"if","locations":[{"start":{"line":316,"column":12},"end":{"line":316,"column":12},"skip":true},{"start":{"line":316,"column":12},"end":{"line":316,"column":12},"skip":true}]}},"code":["/*","example.js","","quickstart example","","instruction","    1. save this script as example.js","    2. run the shell command:","        $ npm install npmtest-file-type && PORT=8081 node example.js","    3. play with the browser-demo on http://127.0.0.1:8081","*/","","","","/* istanbul instrument in package npmtest_file_type */","/*jslint","    bitwise: true,","    browser: true,","    maxerr: 8,","    maxlen: 96,","    node: true,","    nomen: true,","    regexp: true,","    stupid: true","*/","(function () {","    'use strict';","    var local;","","","","    // run shared js-env code - pre-init","    (function () {","        // init local","        local = {};","        // init modeJs","        local.modeJs = (function () {","            try {","                return typeof navigator.userAgent === 'string' &&","                    typeof document.querySelector('body') === 'object' &&","                    typeof XMLHttpRequest.prototype.open === 'function' &&","                    'browser';","            } catch (errorCaughtBrowser) {","                return module.exports &&","                    typeof process.versions.node === 'string' &&","                    typeof require('http').createServer === 'function' &&","                    'node';","            }","        }());","        // init global","        local.global = local.modeJs === 'browser'","            ? window","            : global;","        // init utility2_rollup","        local = local.global.utility2_rollup || (local.modeJs === 'browser'","            ? local.global.utility2_npmtest_file_type","            : global.utility2_moduleExports);","        // export local","        local.global.local = local;","    }());","    switch (local.modeJs) {","","","","    // post-init","    // run browser js-env code - post-init","    /* istanbul ignore next */","    case 'browser':","        local.testRunBrowser = function (event) {","            if (!event || (event &&","                    event.currentTarget &&","                    event.currentTarget.className &&","                    event.currentTarget.className.includes &&","                    event.currentTarget.className.includes('onreset'))) {","                // reset output","                Array.from(","                    document.querySelectorAll('body > .resettable')","                ).forEach(function (element) {","                    switch (element.tagName) {","                    case 'INPUT':","                    case 'TEXTAREA':","                        element.value = '';","                        break;","                    default:","                        element.textContent = '';","                    }","                });","            }","            switch (event && event.currentTarget && event.currentTarget.id) {","            case 'testRunButton1':","                // show tests","                if (document.querySelector('#testReportDiv1').style.display === 'none') {","                    document.querySelector('#testReportDiv1').style.display = 'block';","                    document.querySelector('#testRunButton1').textContent =","                        'hide internal test';","                    local.modeTest = true;","                    local.testRunDefault(local);","                // hide tests","                } else {","                    document.querySelector('#testReportDiv1').style.display = 'none';","                    document.querySelector('#testRunButton1').textContent = 'run internal test';","                }","                break;","            // custom-case","            default:","                break;","            }","            if (document.querySelector('#inputTextareaEval1') && (!event || (event &&","                    event.currentTarget &&","                    event.currentTarget.className &&","                    event.currentTarget.className.includes &&","                    event.currentTarget.className.includes('oneval')))) {","                // try to eval input-code","                try {","                    /*jslint evil: true*/","                    eval(document.querySelector('#inputTextareaEval1').value);","                } catch (errorCaught) {","                    console.error(errorCaught.stack);","                }","            }","        };","        // log stderr and stdout to #outputTextareaStdout1","        ['error', 'log'].forEach(function (key) {","            console[key + '_original'] = console[key];","            console[key] = function () {","                var element;","                console[key + '_original'].apply(console, arguments);","                element = document.querySelector('#outputTextareaStdout1');","                if (!element) {","                    return;","                }","                // append text to #outputTextareaStdout1","                element.value += Array.from(arguments).map(function (arg) {","                    return typeof arg === 'string'","                        ? arg","                        : JSON.stringify(arg, null, 4);","                }).join(' ') + '\\n';","                // scroll textarea to bottom","                element.scrollTop = element.scrollHeight;","            };","        });","        // init event-handling","        ['change', 'click', 'keyup'].forEach(function (event) {","            Array.from(document.querySelectorAll('.on' + event)).forEach(function (element) {","                element.addEventListener(event, local.testRunBrowser);","            });","        });","        // run tests","        local.testRunBrowser();","        break;","","","","    // run node js-env code - post-init","    /* istanbul ignore next */","    case 'node':","        // export local","        module.exports = local;","        // require modules","        local.fs = require('fs');","        local.http = require('http');","        local.url = require('url');","        // init assets","        local.assetsDict = local.assetsDict || {};","        /* jslint-ignore-begin */","        local.assetsDict['/assets.index.template.html'] = '\\","<!doctype html>\\n\\","<html lang=\"en\">\\n\\","<head>\\n\\","<meta charset=\"UTF-8\">\\n\\","<meta name=\"viewport\" content=\"width=device-width, initial-scale=1\">\\n\\","<title>{{env.npm_package_name}} (v{{env.npm_package_version}})</title>\\n\\","<style>\\n\\","/*csslint\\n\\","    box-sizing: false,\\n\\","    universal-selector: false\\n\\","*/\\n\\","* {\\n\\","    box-sizing: border-box;\\n\\","}\\n\\","body {\\n\\","    background: #dde;\\n\\","    font-family: Arial, Helvetica, sans-serif;\\n\\","    margin: 2rem;\\n\\","}\\n\\","body > * {\\n\\","    margin-bottom: 1rem;\\n\\","}\\n\\",".utility2FooterDiv {\\n\\","    margin-top: 20px;\\n\\","    text-align: center;\\n\\","}\\n\\","</style>\\n\\","<style>\\n\\","/*csslint\\n\\","*/\\n\\","textarea {\\n\\","    font-family: monospace;\\n\\","    height: 10rem;\\n\\","    width: 100%;\\n\\","}\\n\\","textarea[readonly] {\\n\\","    background: #ddd;\\n\\","}\\n\\","</style>\\n\\","</head>\\n\\","<body>\\n\\","<!-- utility2-comment\\n\\","<div id=\"ajaxProgressDiv1\" style=\"background: #d00; height: 2px; left: 0; margin: 0; padding: 0; position: fixed; top: 0; transition: background 0.5s, width 1.5s; width: 25%;\"></div>\\n\\","utility2-comment -->\\n\\","<h1>\\n\\","<!-- utility2-comment\\n\\","    <a\\n\\","        {{#if env.npm_package_homepage}}\\n\\","        href=\"{{env.npm_package_homepage}}\"\\n\\","        {{/if env.npm_package_homepage}}\\n\\","        target=\"_blank\"\\n\\","    >\\n\\","utility2-comment -->\\n\\","        {{env.npm_package_name}} (v{{env.npm_package_version}})\\n\\","<!-- utility2-comment\\n\\","    </a>\\n\\","utility2-comment -->\\n\\","</h1>\\n\\","<h3>{{env.npm_package_description}}</h3>\\n\\","<!-- utility2-comment\\n\\","<h4><a download href=\"assets.app.js\">download standalone app</a></h4>\\n\\","<button class=\"onclick onreset\" id=\"testRunButton1\">run internal test</button><br>\\n\\","<div id=\"testReportDiv1\" style=\"display: none;\"></div>\\n\\","utility2-comment -->\\n\\","\\n\\","\\n\\","\\n\\","<label>stderr and stdout</label>\\n\\","<textarea class=\"resettable\" id=\"outputTextareaStdout1\" readonly></textarea>\\n\\","<!-- utility2-comment\\n\\","{{#if isRollup}}\\n\\","<script src=\"assets.app.js\"></script>\\n\\","{{#unless isRollup}}\\n\\","utility2-comment -->\\n\\","<script src=\"assets.utility2.rollup.js\"></script>\\n\\","<script src=\"jsonp.utility2._stateInit?callback=window.utility2._stateInit\"></script>\\n\\","<script src=\"assets.npmtest_file_type.rollup.js\"></script>\\n\\","<script src=\"assets.example.js\"></script>\\n\\","<script src=\"assets.test.js\"></script>\\n\\","<!-- utility2-comment\\n\\","{{/if isRollup}}\\n\\","utility2-comment -->\\n\\","<div class=\"utility2FooterDiv\">\\n\\","    [ this app was created with\\n\\","    <a href=\"https://github.com/kaizhu256/node-utility2\" target=\"_blank\">utility2</a>\\n\\","    ]\\n\\","</div>\\n\\","</body>\\n\\","</html>\\n\\","';","        /* jslint-ignore-end */","        if (local.templateRender) {","            local.assetsDict['/'] = local.templateRender(","                local.assetsDict['/assets.index.template.html'],","                {","                    env: local.objectSetDefault(local.env, {","                        npm_package_description: 'the greatest app in the world!',","                        npm_package_name: 'my-app',","                        npm_package_nameAlias: 'my_app',","                        npm_package_version: '0.0.1'","                    })","                }","            );","        } else {","            local.assetsDict['/'] = local.assetsDict['/assets.index.template.html']","                .replace((/\\{\\{env\\.(\\w+?)\\}\\}/g), function (match0, match1) {","                    // jslint-hack","                    String(match0);","                    switch (match1) {","                    case 'npm_package_description':","                        return 'the greatest app in the world!';","                    case 'npm_package_name':","                        return 'my-app';","                    case 'npm_package_nameAlias':","                        return 'my_app';","                    case 'npm_package_version':","                        return '0.0.1';","                    }","                });","        }","        // run the cli","        if (local.global.utility2_rollup || module !== require.main) {","            break;","        }","        local.assetsDict['/assets.example.js'] =","            local.assetsDict['/assets.example.js'] ||","            local.fs.readFileSync(__filename, 'utf8');","        local.assetsDict['/assets.npmtest_file_type.rollup.js'] =","            local.assetsDict['/assets.npmtest_file_type.rollup.js'] ||","            local.fs.readFileSync(","                // buildCustomOrg-hack","                local.npmtest_file_type.__dirname +","                    '/lib.npmtest_file_type.js',","                'utf8'","            ).replace((/^#!/), '//');","        local.assetsDict['/favicon.ico'] = local.assetsDict['/favicon.ico'] || '';","        // if $npm_config_timeout_exit exists,","        // then exit this process after $npm_config_timeout_exit ms","        if (Number(process.env.npm_config_timeout_exit)) {","            setTimeout(process.exit, Number(process.env.npm_config_timeout_exit));","        }","        // start server","        if (local.global.utility2_serverHttp1) {","            break;","        }","        process.env.PORT = process.env.PORT || '8081';","        console.error('server starting on port ' + process.env.PORT);","        local.http.createServer(function (request, response) {","            request.urlParsed = local.url.parse(request.url);","            if (local.assetsDict[request.urlParsed.pathname] !== undefined) {","                response.end(local.assetsDict[request.urlParsed.pathname]);","                return;","            }","            response.statusCode = 404;","            response.end();","        }).listen(process.env.PORT);","        break;","    }","}());",""],"l":{"26":2,"28":2,"33":2,"35":2,"37":2,"38":2,"39":2,"44":1,"51":2,"55":2,"59":2,"61":2,"69":1,"70":2,"76":2,"79":2,"82":2,"83":2,"85":1,"89":2,"92":1,"93":1,"94":1,"96":1,"97":1,"100":1,"101":1,"103":1,"106":1,"108":2,"114":1,"116":1,"118":1,"123":1,"124":2,"125":2,"126":2,"127":2,"128":2,"129":2,"130":1,"133":2,"134":2,"139":2,"143":1,"144":3,"145":1,"149":1,"150":1,"158":1,"160":1,"161":1,"162":1,"164":1,"166":1,"258":1,"259":1,"271":1,"274":6,"275":6,"277":1,"279":2,"281":1,"283":2,"288":1,"289":1,"291":1,"294":1,"302":1,"305":1,"306":1,"309":1,"310":1,"312":1,"313":1,"314":1,"315":1,"316":1,"317":1,"318":1,"320":1,"321":1,"323":1}},"/home/travis/build/npmtest/node-npmtest-file-type/file-type/index.js":{"path":"/home/travis/build/npmtest/node-npmtest-file-type/file-type/index.js","s":{"1":1,"2":0,"3":0,"4":0,"5":0,"6":0,"7":0,"8":0,"9":0,"10":0,"11":0,"12":0,"13":0,"14":0,"15":0,"16":0,"17":0,"18":0,"19":0,"20":0,"21":0,"22":0,"23":0,"24":0,"25":0,"26":0,"27":0,"28":0,"29":0,"30":0,"31":0,"32":0,"33":0,"34":0,"35":0,"36":0,"37":0,"38":0,"39":0,"40":0,"41":0,"42":0,"43":0,"44":0,"45":0,"46":0,"47":0,"48":0,"49":0,"50":0,"51":0,"52":0,"53":0,"54":0,"55":0,"56":0,"57":0,"58":0,"59":0,"60":0,"61":0,"62":0,"63":0,"64":0,"65":0,"66":0,"67":0,"68":0,"69":0,"70":0,"71":0,"72":0,"73":0,"74":0,"75":0,"76":0,"77":0,"78":0,"79":0,"80":0,"81":0,"82":0,"83":0,"84":0,"85":0,"86":0,"87":0,"88":0,"89":0,"90":0,"91":0,"92":0,"93":0,"94":0,"95":0,"96":0,"97":0,"98":0,"99":0,"100":0,"101":0,"102":0,"103":0,"104":0,"105":0,"106":0,"107":0,"108":0,"109":0,"110":0,"111":0,"112":0,"113":0,"114":0,"115":0,"116":0,"117":0,"118":0,"119":0,"120":0,"121":0,"122":0,"123":0,"124":0,"125":0,"126":0,"127":0,"128":0,"129":0,"130":0,"131":0,"132":0},"b":{"1":[0,0],"2":[0,0],"3":[0,0],"4":[0,0,0],"5":[0,0],"6":[0,0,0,0],"7":[0,0],"8":[0,0,0],"9":[0,0],"10":[0,0,0,0],"11":[0,0],"12":[0,0,0,0],"13":[0,0],"14":[0,0,0,0,0,0,0,0,0,0],"15":[0,0],"16":[0,0,0,0,0,0,0,0],"17":[0,0],"18":[0,0],"19":[0,0],"20":[0,0,0],"21":[0,0],"22":[0,0,0,0],"23":[0,0],"24":[0,0,0,0,0,0,0,0,0,0,0,0,0,0,0,0,0,0,0,0,0,0,0,0,0,0,0,0,0,0,0,0],"25":[0,0],"26":[0,0,0,0,0,0,0,0,0,0,0,0,0,0,0,0,0,0,0,0,0,0,0,0],"27":[0,0],"28":[0,0,0,0,0,0,0,0],"29":[0,0],"30":[0,0,0,0,0],"31":[0,0],"32":[0,0,0,0,0,0,0,0],"33":[0,0],"34":[0,0,0],"35":[0,0],"36":[0,0,0],"37":[0,0],"38":[0,0,0,0,0,0],"39":[0,0],"40":[0,0],"41":[0,0],"42":[0,0,0,0,0,0,0,0,0,0,0,0,0,0,0,0,0,0,0,0,0,0,0,0,0,0,0,0,0,0,0,0,0,0,0,0,0,0,0,0,0,0,0,0,0,0,0,0,0,0,0,0,0,0,0,0,0,0,0,0,0,0,0,0,0],"43":[0,0],"44":[0,0,0,0,0,0,0,0,0,0,0],"45":[0,0],"46":[0,0,0,0],"47":[0,0],"48":[0,0,0,0],"49":[0,0],"50":[0,0],"51":[0,0],"52":[0,0],"53":[0,0],"54":[0,0,0,0,0,0,0,0],"55":[0,0],"56":[0,0,0,0,0,0,0],"57":[0,0],"58":[0,0,0,0,0,0,0,0,0,0],"59":[0,0],"60":[0,0,0,0],"61":[0,0],"62":[0,0,0,0,0],"63":[0,0],"64":[0,0,0,0,0,0,0,0,0,0,0],"65":[0,0],"66":[0,0,0,0,0,0,0,0],"67":[0,0],"68":[0,0,0,0],"69":[0,0],"70":[0,0,0,0],"71":[0,0],"72":[0,0,0,0,0,0,0,0],"73":[0,0],"74":[0,0,0,0,0,0],"75":[0,0],"76":[0,0,0,0],"77":[0,0],"78":[0,0],"79":[0,0],"80":[0,0,0,0],"81":[0,0],"82":[0,0,0,0,0],"83":[0,0],"84":[0,0,0,0,0,0,0,0,0,0,0,0],"85":[0,0],"86":[0,0,0,0,0,0,0,0,0,0,0,0],"87":[0,0],"88":[0,0,0,0,0,0,0,0,0,0,0],"89":[0,0],"90":[0,0,0,0,0],"91":[0,0],"92":[0,0,0,0,0],"93":[0,0],"94":[0,0,0,0],"95":[0,0],"96":[0,0,0,0],"97":[0,0],"98":[0,0],"99":[0,0],"100":[0,0,0,0,0,0],"101":[0,0],"102":[0,0,0,0],"103":[0,0],"104":[0,0,0,0],"105":[0,0],"106":[0,0,0,0],"107":[0,0],"108":[0,0,0,0,0,0,0,0],"109":[0,0],"110":[0,0,0,0,0,0,0,0,0,0,0,0,0,0,0,0,0,0,0,0,0],"111":[0,0],"112":[0,0,0,0,0,0,0],"113":[0,0],"114":[0,0,0,0],"115":[0,0],"116":[0,0,0,0],"117":[0,0],"118":[0,0,0,0],"119":[0,0],"120":[0,0,0,0,0,0,0,0],"121":[0,0],"122":[0,0,0,0,0,0,0,0,0,0,0,0,0,0]},"f":{},"fnMap":{},"statementMap":{"1":{"start":{"line":2,"column":0},"end":{"line":470,"column":2}},"2":{"start":{"line":3,"column":1},"end":{"line":3,"column":35}},"3":{"start":{"line":5,"column":1},"end":{"line":7,"column":2}},"4":{"start":{"line":6,"column":2},"end":{"line":6,"column":14}},"5":{"start":{"line":9,"column":1},"end":{"line":14,"column":2}},"6":{"start":{"line":10,"column":2},"end":{"line":13,"column":4}},"7":{"start":{"line":16,"column":1},"end":{"line":21,"column":2}},"8":{"start":{"line":17,"column":2},"end":{"line":20,"column":4}},"9":{"start":{"line":23,"column":1},"end":{"line":28,"column":2}},"10":{"start":{"line":24,"column":2},"end":{"line":27,"column":4}},"11":{"start":{"line":30,"column":1},"end":{"line":35,"column":2}},"12":{"start":{"line":31,"column":2},"end":{"line":34,"column":4}},"13":{"start":{"line":37,"column":1},"end":{"line":42,"column":2}},"14":{"start":{"line":38,"column":2},"end":{"line":41,"column":4}},"15":{"start":{"line":45,"column":1},"end":{"line":50,"column":2}},"16":{"start":{"line":46,"column":2},"end":{"line":49,"column":4}},"17":{"start":{"line":52,"column":1},"end":{"line":57,"column":2}},"18":{"start":{"line":53,"column":2},"end":{"line":56,"column":4}},"19":{"start":{"line":59,"column":1},"end":{"line":64,"column":2}},"20":{"start":{"line":60,"column":2},"end":{"line":63,"column":4}},"21":{"start":{"line":66,"column":1},"end":{"line":71,"column":2}},"22":{"start":{"line":67,"column":2},"end":{"line":70,"column":4}},"23":{"start":{"line":73,"column":1},"end":{"line":78,"column":2}},"24":{"start":{"line":74,"column":2},"end":{"line":77,"column":4}},"25":{"start":{"line":81,"column":1},"end":{"line":86,"column":2}},"26":{"start":{"line":82,"column":2},"end":{"line":85,"column":4}},"27":{"start":{"line":90,"column":1},"end":{"line":95,"column":2}},"28":{"start":{"line":91,"column":2},"end":{"line":94,"column":4}},"29":{"start":{"line":97,"column":1},"end":{"line":102,"column":2}},"30":{"start":{"line":98,"column":2},"end":{"line":101,"column":4}},"31":{"start":{"line":104,"column":1},"end":{"line":109,"column":2}},"32":{"start":{"line":105,"column":2},"end":{"line":108,"column":4}},"33":{"start":{"line":111,"column":1},"end":{"line":116,"column":2}},"34":{"start":{"line":112,"column":2},"end":{"line":115,"column":4}},"35":{"start":{"line":118,"column":1},"end":{"line":123,"column":2}},"36":{"start":{"line":119,"column":2},"end":{"line":122,"column":4}},"37":{"start":{"line":125,"column":1},"end":{"line":130,"column":2}},"38":{"start":{"line":126,"column":2},"end":{"line":129,"column":4}},"39":{"start":{"line":132,"column":1},"end":{"line":137,"column":2}},"40":{"start":{"line":133,"column":2},"end":{"line":136,"column":4}},"41":{"start":{"line":139,"column":1},"end":{"line":144,"column":2}},"42":{"start":{"line":140,"column":2},"end":{"line":143,"column":4}},"43":{"start":{"line":146,"column":1},"end":{"line":157,"column":2}},"44":{"start":{"line":153,"column":2},"end":{"line":156,"column":4}},"45":{"start":{"line":159,"column":1},"end":{"line":164,"column":2}},"46":{"start":{"line":160,"column":2},"end":{"line":163,"column":4}},"47":{"start":{"line":166,"column":1},"end":{"line":171,"column":2}},"48":{"start":{"line":167,"column":2},"end":{"line":170,"column":4}},"49":{"start":{"line":174,"column":1},"end":{"line":195,"column":2}},"50":{"start":{"line":175,"column":2},"end":{"line":175,"column":43}},"51":{"start":{"line":176,"column":2},"end":{"line":176,"column":89}},"52":{"start":{"line":176,"column":49},"end":{"line":176,"column":87}},"53":{"start":{"line":178,"column":2},"end":{"line":194,"column":3}},"54":{"start":{"line":179,"column":3},"end":{"line":179,"column":32}},"55":{"start":{"line":180,"column":3},"end":{"line":180,"column":108}},"56":{"start":{"line":180,"column":31},"end":{"line":180,"column":107}},"57":{"start":{"line":180,"column":64},"end":{"line":180,"column":106}},"58":{"start":{"line":182,"column":3},"end":{"line":187,"column":4}},"59":{"start":{"line":183,"column":4},"end":{"line":186,"column":6}},"60":{"start":{"line":188,"column":3},"end":{"line":193,"column":4}},"61":{"start":{"line":189,"column":4},"end":{"line":192,"column":6}},"62":{"start":{"line":197,"column":1},"end":{"line":202,"column":2}},"63":{"start":{"line":198,"column":2},"end":{"line":201,"column":4}},"64":{"start":{"line":204,"column":1},"end":{"line":209,"column":2}},"65":{"start":{"line":205,"column":2},"end":{"line":208,"column":4}},"66":{"start":{"line":211,"column":1},"end":{"line":216,"column":2}},"67":{"start":{"line":212,"column":2},"end":{"line":215,"column":4}},"68":{"start":{"line":218,"column":1},"end":{"line":223,"column":2}},"69":{"start":{"line":219,"column":2},"end":{"line":222,"column":4}},"70":{"start":{"line":225,"column":1},"end":{"line":230,"column":2}},"71":{"start":{"line":226,"column":2},"end":{"line":229,"column":4}},"72":{"start":{"line":232,"column":1},"end":{"line":237,"column":2}},"73":{"start":{"line":233,"column":2},"end":{"line":236,"column":4}},"74":{"start":{"line":240,"column":1},"end":{"line":245,"column":2}},"75":{"start":{"line":241,"column":2},"end":{"line":244,"column":4}},"76":{"start":{"line":247,"column":1},"end":{"line":252,"column":2}},"77":{"start":{"line":248,"column":2},"end":{"line":251,"column":4}},"78":{"start":{"line":254,"column":1},"end":{"line":259,"column":2}},"79":{"start":{"line":255,"column":2},"end":{"line":258,"column":4}},"80":{"start":{"line":261,"column":1},"end":{"line":266,"column":2}},"81":{"start":{"line":262,"column":2},"end":{"line":265,"column":4}},"82":{"start":{"line":268,"column":1},"end":{"line":273,"column":2}},"83":{"start":{"line":269,"column":2},"end":{"line":272,"column":4}},"84":{"start":{"line":275,"column":1},"end":{"line":280,"column":2}},"85":{"start":{"line":276,"column":2},"end":{"line":279,"column":4}},"86":{"start":{"line":282,"column":1},"end":{"line":287,"column":2}},"87":{"start":{"line":283,"column":2},"end":{"line":286,"column":4}},"88":{"start":{"line":289,"column":1},"end":{"line":294,"column":2}},"89":{"start":{"line":290,"column":2},"end":{"line":293,"column":4}},"90":{"start":{"line":296,"column":1},"end":{"line":301,"column":2}},"91":{"start":{"line":297,"column":2},"end":{"line":300,"column":4}},"92":{"start":{"line":303,"column":1},"end":{"line":314,"column":2}},"93":{"start":{"line":310,"column":2},"end":{"line":313,"column":4}},"94":{"start":{"line":316,"column":1},"end":{"line":327,"column":2}},"95":{"start":{"line":323,"column":2},"end":{"line":326,"column":4}},"96":{"start":{"line":329,"column":1},"end":{"line":341,"column":2}},"97":{"start":{"line":337,"column":2},"end":{"line":340,"column":4}},"98":{"start":{"line":343,"column":1},"end":{"line":348,"column":2}},"99":{"start":{"line":344,"column":2},"end":{"line":347,"column":4}},"100":{"start":{"line":350,"column":1},"end":{"line":355,"column":2}},"101":{"start":{"line":351,"column":2},"end":{"line":354,"column":4}},"102":{"start":{"line":357,"column":1},"end":{"line":362,"column":2}},"103":{"start":{"line":358,"column":2},"end":{"line":361,"column":4}},"104":{"start":{"line":364,"column":1},"end":{"line":369,"column":2}},"105":{"start":{"line":365,"column":2},"end":{"line":368,"column":4}},"106":{"start":{"line":371,"column":1},"end":{"line":376,"column":2}},"107":{"start":{"line":372,"column":2},"end":{"line":375,"column":4}},"108":{"start":{"line":378,"column":1},"end":{"line":383,"column":2}},"109":{"start":{"line":379,"column":2},"end":{"line":382,"column":4}},"110":{"start":{"line":385,"column":1},"end":{"line":390,"column":2}},"111":{"start":{"line":386,"column":2},"end":{"line":389,"column":4}},"112":{"start":{"line":392,"column":1},"end":{"line":397,"column":2}},"113":{"start":{"line":393,"column":2},"end":{"line":396,"column":4}},"114":{"start":{"line":399,"column":1},"end":{"line":404,"column":2}},"115":{"start":{"line":400,"column":2},"end":{"line":403,"column":4}},"116":{"start":{"line":406,"column":1},"end":{"line":414,"column":2}},"117":{"start":{"line":410,"column":2},"end":{"line":413,"column":4}},"118":{"start":{"line":417,"column":1},"end":{"line":422,"column":2}},"119":{"start":{"line":418,"column":2},"end":{"line":421,"column":4}},"120":{"start":{"line":424,"column":1},"end":{"line":429,"column":2}},"121":{"start":{"line":425,"column":2},"end":{"line":428,"column":4}},"122":{"start":{"line":431,"column":1},"end":{"line":436,"column":2}},"123":{"start":{"line":432,"column":2},"end":{"line":435,"column":4}},"124":{"start":{"line":438,"column":1},"end":{"line":446,"column":2}},"125":{"start":{"line":442,"column":2},"end":{"line":445,"column":4}},"126":{"start":{"line":448,"column":1},"end":{"line":453,"column":2}},"127":{"start":{"line":449,"column":2},"end":{"line":452,"column":4}},"128":{"start":{"line":455,"column":1},"end":{"line":460,"column":2}},"129":{"start":{"line":456,"column":2},"end":{"line":459,"column":4}},"130":{"start":{"line":462,"column":1},"end":{"line":467,"column":2}},"131":{"start":{"line":463,"column":2},"end":{"line":466,"column":4}},"132":{"start":{"line":469,"column":1},"end":{"line":469,"column":13}}},"branchMap":{"1":{"line":5,"type":"if","locations":[{"start":{"line":5,"column":1},"end":{"line":5,"column":1}},{"start":{"line":5,"column":1},"end":{"line":5,"column":1}}]},"2":{"line":5,"type":"binary-expr","locations":[{"start":{"line":5,"column":7},"end":{"line":5,"column":10}},{"start":{"line":5,"column":14},"end":{"line":5,"column":28}}]},"3":{"line":9,"type":"if","locations":[{"start":{"line":9,"column":1},"end":{"line":9,"column":1}},{"start":{"line":9,"column":1},"end":{"line":9,"column":1}}]},"4":{"line":9,"type":"binary-expr","locations":[{"start":{"line":9,"column":5},"end":{"line":9,"column":20}},{"start":{"line":9,"column":24},"end":{"line":9,"column":39}},{"start":{"line":9,"column":43},"end":{"line":9,"column":58}}]},"5":{"line":16,"type":"if","locations":[{"start":{"line":16,"column":1},"end":{"line":16,"column":1}},{"start":{"line":16,"column":1},"end":{"line":16,"column":1}}]},"6":{"line":16,"type":"binary-expr","locations":[{"start":{"line":16,"column":5},"end":{"line":16,"column":20}},{"start":{"line":16,"column":24},"end":{"line":16,"column":39}},{"start":{"line":16,"column":43},"end":{"line":16,"column":58}},{"start":{"line":16,"column":62},"end":{"line":16,"column":77}}]},"7":{"line":23,"type":"if","locations":[{"start":{"line":23,"column":1},"end":{"line":23,"column":1}},{"start":{"line":23,"column":1},"end":{"line":23,"column":1}}]},"8":{"line":23,"type":"binary-expr","locations":[{"start":{"line":23,"column":5},"end":{"line":23,"column":20}},{"start":{"line":23,"column":24},"end":{"line":23,"column":39}},{"start":{"line":23,"column":43},"end":{"line":23,"column":58}}]},"9":{"line":30,"type":"if","locations":[{"start":{"line":30,"column":1},"end":{"line":30,"column":1}},{"start":{"line":30,"column":1},"end":{"line":30,"column":1}}]},"10":{"line":30,"type":"binary-expr","locations":[{"start":{"line":30,"column":5},"end":{"line":30,"column":20}},{"start":{"line":30,"column":24},"end":{"line":30,"column":39}},{"start":{"line":30,"column":43},"end":{"line":30,"column":59}},{"start":{"line":30,"column":63},"end":{"line":30,"column":79}}]},"11":{"line":37,"type":"if","locations":[{"start":{"line":37,"column":1},"end":{"line":37,"column":1}},{"start":{"line":37,"column":1},"end":{"line":37,"column":1}}]},"12":{"line":37,"type":"binary-expr","locations":[{"start":{"line":37,"column":5},"end":{"line":37,"column":20}},{"start":{"line":37,"column":24},"end":{"line":37,"column":39}},{"start":{"line":37,"column":43},"end":{"line":37,"column":58}},{"start":{"line":37,"column":62},"end":{"line":37,"column":77}}]},"13":{"line":45,"type":"if","locations":[{"start":{"line":45,"column":1},"end":{"line":45,"column":1}},{"start":{"line":45,"column":1},"end":{"line":45,"column":1}}]},"14":{"line":45,"type":"binary-expr","locations":[{"start":{"line":45,"column":7},"end":{"line":45,"column":22}},{"start":{"line":45,"column":26},"end":{"line":45,"column":41}},{"start":{"line":45,"column":45},"end":{"line":45,"column":60}},{"start":{"line":45,"column":64},"end":{"line":45,"column":78}},{"start":{"line":45,"column":84},"end":{"line":45,"column":99}},{"start":{"line":45,"column":103},"end":{"line":45,"column":118}},{"start":{"line":45,"column":122},"end":{"line":45,"column":136}},{"start":{"line":45,"column":140},"end":{"line":45,"column":155}},{"start":{"line":45,"column":161},"end":{"line":45,"column":176}},{"start":{"line":45,"column":180},"end":{"line":45,"column":195}}]},"15":{"line":52,"type":"if","locations":[{"start":{"line":52,"column":1},"end":{"line":52,"column":1}},{"start":{"line":52,"column":1},"end":{"line":52,"column":1}}]},"16":{"line":52,"type":"binary-expr","locations":[{"start":{"line":52,"column":6},"end":{"line":52,"column":21}},{"start":{"line":52,"column":25},"end":{"line":52,"column":40}},{"start":{"line":52,"column":44},"end":{"line":52,"column":59}},{"start":{"line":52,"column":63},"end":{"line":52,"column":77}},{"start":{"line":52,"column":83},"end":{"line":52,"column":98}},{"start":{"line":52,"column":102},"end":{"line":52,"column":117}},{"start":{"line":52,"column":121},"end":{"line":52,"column":135}},{"start":{"line":52,"column":139},"end":{"line":52,"column":154}}]},"17":{"line":59,"type":"if","locations":[{"start":{"line":59,"column":1},"end":{"line":59,"column":1}},{"start":{"line":59,"column":1},"end":{"line":59,"column":1}}]},"18":{"line":59,"type":"binary-expr","locations":[{"start":{"line":59,"column":5},"end":{"line":59,"column":20}},{"start":{"line":59,"column":24},"end":{"line":59,"column":39}}]},"19":{"line":66,"type":"if","locations":[{"start":{"line":66,"column":1},"end":{"line":66,"column":1}},{"start":{"line":66,"column":1},"end":{"line":66,"column":1}}]},"20":{"line":66,"type":"binary-expr","locations":[{"start":{"line":66,"column":5},"end":{"line":66,"column":20}},{"start":{"line":66,"column":24},"end":{"line":66,"column":39}},{"start":{"line":66,"column":43},"end":{"line":66,"column":58}}]},"21":{"line":73,"type":"if","locations":[{"start":{"line":73,"column":1},"end":{"line":73,"column":1}},{"start":{"line":73,"column":1},"end":{"line":73,"column":1}}]},"22":{"line":73,"type":"binary-expr","locations":[{"start":{"line":73,"column":5},"end":{"line":73,"column":20}},{"start":{"line":73,"column":24},"end":{"line":73,"column":39}},{"start":{"line":73,"column":43},"end":{"line":73,"column":58}},{"start":{"line":73,"column":62},"end":{"line":73,"column":77}}]},"23":{"line":81,"type":"if","locations":[{"start":{"line":81,"column":1},"end":{"line":81,"column":1}},{"start":{"line":81,"column":1},"end":{"line":81,"column":1}}]},"24":{"line":81,"type":"binary-expr","locations":[{"start":{"line":81,"column":5},"end":{"line":81,"column":20}},{"start":{"line":81,"column":24},"end":{"line":81,"column":39}},{"start":{"line":81,"column":43},"end":{"line":81,"column":57}},{"start":{"line":81,"column":61},"end":{"line":81,"column":75}},{"start":{"line":81,"column":79},"end":{"line":81,"column":95}},{"start":{"line":81,"column":99},"end":{"line":81,"column":115}},{"start":{"line":81,"column":119},"end":{"line":81,"column":135}},{"start":{"line":81,"column":139},"end":{"line":81,"column":155}},{"start":{"line":81,"column":159},"end":{"line":81,"column":175}},{"start":{"line":81,"column":179},"end":{"line":81,"column":195}},{"start":{"line":81,"column":199},"end":{"line":81,"column":215}},{"start":{"line":81,"column":219},"end":{"line":81,"column":235}},{"start":{"line":81,"column":239},"end":{"line":81,"column":255}},{"start":{"line":81,"column":259},"end":{"line":81,"column":275}},{"start":{"line":81,"column":279},"end":{"line":81,"column":295}},{"start":{"line":81,"column":299},"end":{"line":81,"column":315}},{"start":{"line":81,"column":319},"end":{"line":81,"column":335}},{"start":{"line":81,"column":339},"end":{"line":81,"column":355}},{"start":{"line":81,"column":359},"end":{"line":81,"column":375}},{"start":{"line":81,"column":379},"end":{"line":81,"column":395}},{"start":{"line":81,"column":399},"end":{"line":81,"column":415}},{"start":{"line":81,"column":419},"end":{"line":81,"column":435}},{"start":{"line":81,"column":439},"end":{"line":81,"column":455}},{"start":{"line":81,"column":459},"end":{"line":81,"column":475}},{"start":{"line":81,"column":479},"end":{"line":81,"column":495}},{"start":{"line":81,"column":499},"end":{"line":81,"column":515}},{"start":{"line":81,"column":519},"end":{"line":81,"column":535}},{"start":{"line":81,"column":539},"end":{"line":81,"column":555}},{"start":{"line":81,"column":559},"end":{"line":81,"column":575}},{"start":{"line":81,"column":579},"end":{"line":81,"column":595}},{"start":{"line":81,"column":599},"end":{"line":81,"column":615}},{"start":{"line":81,"column":619},"end":{"line":81,"column":635}}]},"25":{"line":90,"type":"if","locations":[{"start":{"line":90,"column":1},"end":{"line":90,"column":1}},{"start":{"line":90,"column":1},"end":{"line":90,"column":1}}]},"26":{"line":90,"type":"binary-expr","locations":[{"start":{"line":90,"column":5},"end":{"line":90,"column":20}},{"start":{"line":90,"column":24},"end":{"line":90,"column":39}},{"start":{"line":90,"column":43},"end":{"line":90,"column":57}},{"start":{"line":90,"column":61},"end":{"line":90,"column":75}},{"start":{"line":90,"column":79},"end":{"line":90,"column":95}},{"start":{"line":90,"column":99},"end":{"line":90,"column":115}},{"start":{"line":90,"column":119},"end":{"line":90,"column":135}},{"start":{"line":90,"column":139},"end":{"line":90,"column":155}},{"start":{"line":90,"column":159},"end":{"line":90,"column":175}},{"start":{"line":90,"column":179},"end":{"line":90,"column":195}},{"start":{"line":90,"column":199},"end":{"line":90,"column":215}},{"start":{"line":90,"column":219},"end":{"line":90,"column":235}},{"start":{"line":90,"column":239},"end":{"line":90,"column":255}},{"start":{"line":90,"column":259},"end":{"line":90,"column":275}},{"start":{"line":90,"column":279},"end":{"line":90,"column":295}},{"start":{"line":90,"column":299},"end":{"line":90,"column":315}},{"start":{"line":90,"column":319},"end":{"line":90,"column":335}},{"start":{"line":90,"column":339},"end":{"line":90,"column":355}},{"start":{"line":90,"column":359},"end":{"line":90,"column":375}},{"start":{"line":90,"column":379},"end":{"line":90,"column":395}},{"start":{"line":90,"column":399},"end":{"line":90,"column":415}},{"start":{"line":90,"column":419},"end":{"line":90,"column":435}},{"start":{"line":90,"column":439},"end":{"line":90,"column":455}},{"start":{"line":90,"column":459},"end":{"line":90,"column":475}}]},"27":{"line":97,"type":"if","locations":[{"start":{"line":97,"column":1},"end":{"line":97,"column":1}},{"start":{"line":97,"column":1},"end":{"line":97,"column":1}}]},"28":{"line":97,"type":"binary-expr","locations":[{"start":{"line":97,"column":5},"end":{"line":97,"column":20}},{"start":{"line":97,"column":24},"end":{"line":97,"column":39}},{"start":{"line":97,"column":44},"end":{"line":97,"column":58}},{"start":{"line":97,"column":62},"end":{"line":97,"column":76}},{"start":{"line":97,"column":80},"end":{"line":97,"column":94}},{"start":{"line":97,"column":100},"end":{"line":97,"column":114}},{"start":{"line":97,"column":118},"end":{"line":97,"column":132}},{"start":{"line":97,"column":136},"end":{"line":97,"column":150}}]},"29":{"line":104,"type":"if","locations":[{"start":{"line":104,"column":1},"end":{"line":104,"column":1}},{"start":{"line":104,"column":1},"end":{"line":104,"column":1}}]},"30":{"line":104,"type":"binary-expr","locations":[{"start":{"line":104,"column":5},"end":{"line":104,"column":22}},{"start":{"line":104,"column":26},"end":{"line":104,"column":43}},{"start":{"line":104,"column":47},"end":{"line":104,"column":64}},{"start":{"line":104,"column":68},"end":{"line":104,"column":85}},{"start":{"line":104,"column":89},"end":{"line":104,"column":106}}]},"31":{"line":111,"type":"if","locations":[{"start":{"line":111,"column":1},"end":{"line":111,"column":1}},{"start":{"line":111,"column":1},"end":{"line":111,"column":1}}]},"32":{"line":111,"type":"binary-expr","locations":[{"start":{"line":111,"column":5},"end":{"line":111,"column":20}},{"start":{"line":111,"column":24},"end":{"line":111,"column":39}},{"start":{"line":111,"column":43},"end":{"line":111,"column":58}},{"start":{"line":111,"column":62},"end":{"line":111,"column":77}},{"start":{"line":111,"column":81},"end":{"line":111,"column":96}},{"start":{"line":111,"column":100},"end":{"line":111,"column":114}},{"start":{"line":111,"column":119},"end":{"line":111,"column":133}},{"start":{"line":111,"column":137},"end":{"line":111,"column":151}}]},"33":{"line":118,"type":"if","locations":[{"start":{"line":118,"column":1},"end":{"line":118,"column":1}},{"start":{"line":118,"column":1},"end":{"line":118,"column":1}}]},"34":{"line":118,"type":"binary-expr","locations":[{"start":{"line":118,"column":5},"end":{"line":118,"column":20}},{"start":{"line":118,"column":24},"end":{"line":118,"column":39}},{"start":{"line":118,"column":43},"end":{"line":118,"column":57}}]},"35":{"line":125,"type":"if","locations":[{"start":{"line":125,"column":1},"end":{"line":125,"column":1}},{"start":{"line":125,"column":1},"end":{"line":125,"column":1}}]},"36":{"line":125,"type":"binary-expr","locations":[{"start":{"line":125,"column":5},"end":{"line":125,"column":20}},{"start":{"line":125,"column":24},"end":{"line":125,"column":39}},{"start":{"line":125,"column":43},"end":{"line":125,"column":58}}]},"37":{"line":132,"type":"if","locations":[{"start":{"line":132,"column":1},"end":{"line":132,"column":1}},{"start":{"line":132,"column":1},"end":{"line":132,"column":1}}]},"38":{"line":132,"type":"binary-expr","locations":[{"start":{"line":132,"column":5},"end":{"line":132,"column":20}},{"start":{"line":132,"column":24},"end":{"line":132,"column":39}},{"start":{"line":132,"column":43},"end":{"line":132,"column":58}},{"start":{"line":132,"column":62},"end":{"line":132,"column":77}},{"start":{"line":132,"column":81},"end":{"line":132,"column":96}},{"start":{"line":132,"column":100},"end":{"line":132,"column":115}}]},"39":{"line":139,"type":"if","locations":[{"start":{"line":139,"column":1},"end":{"line":139,"column":1}},{"start":{"line":139,"column":1},"end":{"line":139,"column":1}}]},"40":{"line":139,"type":"binary-expr","locations":[{"start":{"line":139,"column":5},"end":{"line":139,"column":20}},{"start":{"line":139,"column":24},"end":{"line":139,"column":39}}]},"41":{"line":146,"type":"if","locations":[{"start":{"line":146,"column":1},"end":{"line":146,"column":1}},{"start":{"line":146,"column":1},"end":{"line":146,"column":1}}]},"42":{"line":147,"type":"binary-expr","locations":[{"start":{"line":147,"column":3},"end":{"line":147,"column":17}},{"start":{"line":147,"column":21},"end":{"line":147,"column":35}},{"start":{"line":147,"column":39},"end":{"line":147,"column":53}},{"start":{"line":147,"column":58},"end":{"line":147,"column":73}},{"start":{"line":147,"column":77},"end":{"line":147,"column":92}},{"start":{"line":147,"column":97},"end":{"line":147,"column":112}},{"start":{"line":147,"column":116},"end":{"line":147,"column":131}},{"start":{"line":147,"column":135},"end":{"line":147,"column":150}},{"start":{"line":147,"column":154},"end":{"line":147,"column":169}},{"start":{"line":148,"column":3},"end":{"line":148,"column":18}},{"start":{"line":148,"column":22},"end":{"line":148,"column":37}},{"start":{"line":148,"column":41},"end":{"line":148,"column":56}},{"start":{"line":148,"column":60},"end":{"line":148,"column":75}},{"start":{"line":149,"column":3},"end":{"line":149,"column":17}},{"start":{"line":149,"column":21},"end":{"line":149,"column":35}},{"start":{"line":149,"column":39},"end":{"line":149,"column":53}},{"start":{"line":149,"column":57},"end":{"line":149,"column":72}},{"start":{"line":149,"column":76},"end":{"line":149,"column":91}},{"start":{"line":149,"column":95},"end":{"line":149,"column":110}},{"start":{"line":149,"column":114},"end":{"line":149,"column":129}},{"start":{"line":149,"column":133},"end":{"line":149,"column":148}},{"start":{"line":149,"column":152},"end":{"line":149,"column":167}},{"start":{"line":149,"column":171},"end":{"line":149,"column":186}},{"start":{"line":149,"column":190},"end":{"line":149,"column":206}},{"start":{"line":149,"column":210},"end":{"line":149,"column":226}},{"start":{"line":149,"column":230},"end":{"line":149,"column":246}},{"start":{"line":149,"column":250},"end":{"line":149,"column":266}},{"start":{"line":149,"column":270},"end":{"line":149,"column":286}},{"start":{"line":149,"column":290},"end":{"line":149,"column":306}},{"start":{"line":149,"column":310},"end":{"line":149,"column":326}},{"start":{"line":149,"column":330},"end":{"line":149,"column":346}},{"start":{"line":149,"column":350},"end":{"line":149,"column":366}},{"start":{"line":149,"column":370},"end":{"line":149,"column":386}},{"start":{"line":149,"column":390},"end":{"line":149,"column":406}},{"start":{"line":149,"column":410},"end":{"line":149,"column":426}},{"start":{"line":149,"column":430},"end":{"line":149,"column":446}},{"start":{"line":149,"column":450},"end":{"line":149,"column":466}},{"start":{"line":150,"column":3},"end":{"line":150,"column":17}},{"start":{"line":150,"column":21},"end":{"line":150,"column":35}},{"start":{"line":150,"column":39},"end":{"line":150,"column":53}},{"start":{"line":150,"column":57},"end":{"line":150,"column":72}},{"start":{"line":150,"column":76},"end":{"line":150,"column":91}},{"start":{"line":150,"column":95},"end":{"line":150,"column":110}},{"start":{"line":150,"column":114},"end":{"line":150,"column":129}},{"start":{"line":150,"column":133},"end":{"line":150,"column":148}},{"start":{"line":150,"column":152},"end":{"line":150,"column":167}},{"start":{"line":150,"column":171},"end":{"line":150,"column":186}},{"start":{"line":150,"column":190},"end":{"line":150,"column":206}},{"start":{"line":150,"column":210},"end":{"line":150,"column":226}},{"start":{"line":151,"column":3},"end":{"line":151,"column":17}},{"start":{"line":151,"column":21},"end":{"line":151,"column":35}},{"start":{"line":151,"column":39},"end":{"line":151,"column":53}},{"start":{"line":151,"column":57},"end":{"line":151,"column":72}},{"start":{"line":151,"column":76},"end":{"line":151,"column":91}},{"start":{"line":151,"column":95},"end":{"line":151,"column":110}},{"start":{"line":151,"column":114},"end":{"line":151,"column":129}},{"start":{"line":151,"column":133},"end":{"line":151,"column":148}},{"start":{"line":151,"column":152},"end":{"line":151,"column":167}},{"start":{"line":151,"column":171},"end":{"line":151,"column":186}},{"start":{"line":151,"column":190},"end":{"line":151,"column":206}},{"start":{"line":151,"column":210},"end":{"line":151,"column":226}},{"start":{"line":151,"column":230},"end":{"line":151,"column":245}},{"start":{"line":151,"column":249},"end":{"line":151,"column":264}},{"start":{"line":151,"column":268},"end":{"line":151,"column":283}},{"start":{"line":151,"column":287},"end":{"line":151,"column":302}}]},"43":{"line":159,"type":"if","locations":[{"start":{"line":159,"column":1},"end":{"line":159,"column":1}},{"start":{"line":159,"column":1},"end":{"line":159,"column":1}}]},"44":{"line":159,"type":"binary-expr","locations":[{"start":{"line":159,"column":6},"end":{"line":159,"column":20}},{"start":{"line":159,"column":24},"end":{"line":159,"column":38}},{"start":{"line":159,"column":42},"end":{"line":159,"column":56}},{"start":{"line":159,"column":60},"end":{"line":159,"column":75}},{"start":{"line":159,"column":79},"end":{"line":159,"column":94}},{"start":{"line":159,"column":98},"e
[...]
t":{"line":424,"column":119},"end":{"line":424,"column":134}}]},"113":{"line":431,"type":"if","locations":[{"start":{"line":431,"column":1},"end":{"line":431,"column":1}},{"start":{"line":431,"column":1},"end":{"line":431,"column":1}}]},"114":{"line":431,"type":"binary-expr","locations":[{"start":{"line":431,"column":5},"end":{"line":431,"column":20}},{"start":{"line":431,"column":24},"end":{"line":431,"column":39}},{"start":{"line":431,"column":43},"end":{"line":431,"column":58}},{"start":{"line":431,"column":62},"end":{"line":431,"column":77}}]},"115":{"line":438,"type":"if","locations":[{"start":{"line":438,"column":1},"end":{"line":438,"column":1}},{"start":{"line":438,"column":1},"end":{"line":438,"column":1}}]},"116":{"line":439,"type":"binary-expr","locations":[{"start":{"line":439,"column":3},"end":{"line":439,"column":18}},{"start":{"line":439,"column":22},"end":{"line":439,"column":37}},{"start":{"line":440,"column":3},"end":{"line":440,"column":18}},{"start":{"line":440,"column":22},"end":{"line":440,"column":37}}]},"117":{"line":448,"type":"if","locations":[{"start":{"line":448,"column":1},"end":{"line":448,"column":1}},{"start":{"line":448,"column":1},"end":{"line":448,"column":1}}]},"118":{"line":448,"type":"binary-expr","locations":[{"start":{"line":448,"column":5},"end":{"line":448,"column":20}},{"start":{"line":448,"column":24},"end":{"line":448,"column":39}},{"start":{"line":448,"column":43},"end":{"line":448,"column":58}},{"start":{"line":448,"column":62},"end":{"line":448,"column":77}}]},"119":{"line":455,"type":"if","locations":[{"start":{"line":455,"column":1},"end":{"line":455,"column":1}},{"start":{"line":455,"column":1},"end":{"line":455,"column":1}}]},"120":{"line":455,"type":"binary-expr","locations":[{"start":{"line":455,"column":5},"end":{"line":455,"column":20}},{"start":{"line":455,"column":24},"end":{"line":455,"column":39}},{"start":{"line":455,"column":43},"end":{"line":455,"column":58}},{"start":{"line":455,"column":62},"end":{"line":455,"column":77}},{"start":{"line":455,"column":81},"end":{"line":455,"column":96}},{"start":{"line":455,"column":100},"end":{"line":455,"column":115}},{"start":{"line":455,"column":119},"end":{"line":455,"column":134}},{"start":{"line":455,"column":138},"end":{"line":455,"column":153}}]},"121":{"line":462,"type":"if","locations":[{"start":{"line":462,"column":1},"end":{"line":462,"column":1}},{"start":{"line":462,"column":1},"end":{"line":462,"column":1}}]},"122":{"line":462,"type":"binary-expr","locations":[{"start":{"line":462,"column":5},"end":{"line":462,"column":20}},{"start":{"line":462,"column":24},"end":{"line":462,"column":39}},{"start":{"line":462,"column":43},"end":{"line":462,"column":58}},{"start":{"line":462,"column":62},"end":{"line":462,"column":77}},{"start":{"line":462,"column":81},"end":{"line":462,"column":96}},{"start":{"line":462,"column":100},"end":{"line":462,"column":115}},{"start":{"line":462,"column":119},"end":{"line":462,"column":134}},{"start":{"line":462,"column":138},"end":{"line":462,"column":153}},{"start":{"line":462,"column":157},"end":{"line":462,"column":172}},{"start":{"line":462,"column":176},"end":{"line":462,"column":191}},{"start":{"line":462,"column":195},"end":{"line":462,"column":211}},{"start":{"line":462,"column":215},"end":{"line":462,"column":231}},{"start":{"line":462,"column":235},"end":{"line":462,"column":251}},{"start":{"line":462,"column":255},"end":{"line":462,"column":271}}]}},"code":["'use strict';","module.exports = input => {","\tconst buf = new Uint8Array(input);","","\tif (!(buf && buf.length > 1)) {","\t\treturn null;","\t}","","\tif (buf[0] === 0xFF && buf[1] === 0xD8 && buf[2] === 0xFF) {","\t\treturn {","\t\t\text: 'jpg',","\t\t\tmime: 'image/jpeg'","\t\t};","\t}","","\tif (buf[0] === 0x89 && buf[1] === 0x50 && buf[2] === 0x4E && buf[3] === 0x47) {","\t\treturn {","\t\t\text: 'png',","\t\t\tmime: 'image/png'","\t\t};","\t}","","\tif (buf[0] === 0x47 && buf[1] === 0x49 && buf[2] === 0x46) {","\t\treturn {","\t\t\text: 'gif',","\t\t\tmime: 'image/gif'","\t\t};","\t}","","\tif (buf[8] === 0x57 && buf[9] === 0x45 && buf[10] === 0x42 && buf[11] === 0x50) {","\t\treturn {","\t\t\text: 'webp',","\t\t\tmime: 'image/webp'","\t\t};","\t}","","\tif (buf[0] === 0x46 && buf[1] === 0x4C && buf[2] === 0x49 && buf[3] === 0x46) {","\t\treturn {","\t\t\text: 'flif',","\t\t\tmime: 'image/flif'","\t\t};","\t}","","\t// needs to be before `tif` check","\tif (((buf[0] === 0x49 && buf[1] === 0x49 && buf[2] === 0x2A && buf[3] === 0x0) || (buf[0] === 0x4D && buf[1] === 0x4D && buf[2] === 0x0 && buf[3] === 0x2A)) && buf[8] === 0x43 && buf[9] === 0x52) {","\t\treturn {","\t\t\text: 'cr2',","\t\t\tmime: 'image/x-canon-cr2'","\t\t};","\t}","","\tif ((buf[0] === 0x49 && buf[1] === 0x49 && buf[2] === 0x2A && buf[3] === 0x0) || (buf[0] === 0x4D && buf[1] === 0x4D && buf[2] === 0x0 && buf[3] === 0x2A)) {","\t\treturn {","\t\t\text: 'tif',","\t\t\tmime: 'image/tiff'","\t\t};","\t}","","\tif (buf[0] === 0x42 && buf[1] === 0x4D) {","\t\treturn {","\t\t\text: 'bmp',","\t\t\tmime: 'image/bmp'","\t\t};","\t}","","\tif (buf[0] === 0x49 && buf[1] === 0x49 && buf[2] === 0xBC) {","\t\treturn {","\t\t\text: 'jxr',","\t\t\tmime: 'image/vnd.ms-photo'","\t\t};","\t}","","\tif (buf[0] === 0x38 && buf[1] === 0x42 && buf[2] === 0x50 && buf[3] === 0x53) {","\t\treturn {","\t\t\text: 'psd',","\t\t\tmime: 'image/vnd.adobe.photoshop'","\t\t};","\t}","","\t// needs to be before `zip` check","\tif (buf[0] === 0x50 && buf[1] === 0x4B && buf[2] === 0x3 && buf[3] === 0x4 && buf[30] === 0x6D && buf[31] === 0x69 && buf[32] === 0x6D && buf[33] === 0x65 && buf[34] === 0x74 && buf[35] === 0x79 && buf[36] === 0x70 && buf[37] === 0x65 && buf[38] === 0x61 && buf[39] === 0x70 && buf[40] === 0x70 && buf[41] === 0x6C && buf[42] === 0x69 && buf[43] === 0x63 && buf[44] === 0x61 && buf[45] === 0x74 && buf[46] === 0x69 && buf[47] === 0x6F && buf[48] === 0x6E && buf[49] === 0x2F && buf[50] === 0x65 && buf[51] === 0x70 && buf[52] === 0x75 && buf[53] === 0x62 && buf[54] === 0x2B && buf[55] === 0x7A && buf[56] === 0x69 && buf[57] === 0x70) {","\t\treturn {","\t\t\text: 'epub',","\t\t\tmime: 'application/epub+zip'","\t\t};","\t}","","\t// needs to be before `zip` check","\t// assumes signed .xpi from addons.mozilla.org","\tif (buf[0] === 0x50 && buf[1] === 0x4B && buf[2] === 0x3 && buf[3] === 0x4 && buf[30] === 0x4D && buf[31] === 0x45 && buf[32] === 0x54 && buf[33] === 0x41 && buf[34] === 0x2D && buf[35] === 0x49 && buf[36] === 0x4E && buf[37] === 0x46 && buf[38] === 0x2F && buf[39] === 0x6D && buf[40] === 0x6F && buf[41] === 0x7A && buf[42] === 0x69 && buf[43] === 0x6C && buf[44] === 0x6C && buf[45] === 0x61 && buf[46] === 0x2E && buf[47] === 0x72 && buf[48] === 0x73 && buf[49] === 0x61) {","\t\treturn {","\t\t\text: 'xpi',","\t\t\tmime: 'application/x-xpinstall'","\t\t};","\t}","","\tif (buf[0] === 0x50 && buf[1] === 0x4B && (buf[2] === 0x3 || buf[2] === 0x5 || buf[2] === 0x7) && (buf[3] === 0x4 || buf[3] === 0x6 || buf[3] === 0x8)) {","\t\treturn {","\t\t\text: 'zip',","\t\t\tmime: 'application/zip'","\t\t};","\t}","","\tif (buf[257] === 0x75 && buf[258] === 0x73 && buf[259] === 0x74 && buf[260] === 0x61 && buf[261] === 0x72) {","\t\treturn {","\t\t\text: 'tar',","\t\t\tmime: 'application/x-tar'","\t\t};","\t}","","\tif (buf[0] === 0x52 && buf[1] === 0x61 && buf[2] === 0x72 && buf[3] === 0x21 && buf[4] === 0x1A && buf[5] === 0x7 && (buf[6] === 0x0 || buf[6] === 0x1)) {","\t\treturn {","\t\t\text: 'rar',","\t\t\tmime: 'application/x-rar-compressed'","\t\t};","\t}","","\tif (buf[0] === 0x1F && buf[1] === 0x8B && buf[2] === 0x8) {","\t\treturn {","\t\t\text: 'gz',","\t\t\tmime: 'application/gzip'","\t\t};","\t}","","\tif (buf[0] === 0x42 && buf[1] === 0x5A && buf[2] === 0x68) {","\t\treturn {","\t\t\text: 'bz2',","\t\t\tmime: 'application/x-bzip2'","\t\t};","\t}","","\tif (buf[0] === 0x37 && buf[1] === 0x7A && buf[2] === 0xBC && buf[3] === 0xAF && buf[4] === 0x27 && buf[5] === 0x1C) {","\t\treturn {","\t\t\text: '7z',","\t\t\tmime: 'application/x-7z-compressed'","\t\t};","\t}","","\tif (buf[0] === 0x78 && buf[1] === 0x01) {","\t\treturn {","\t\t\text: 'dmg',","\t\t\tmime: 'application/x-apple-diskimage'","\t\t};","\t}","","\tif (","\t\t(buf[0] === 0x0 && buf[1] === 0x0 && buf[2] === 0x0 && (buf[3] === 0x18 || buf[3] === 0x20) && buf[4] === 0x66 && buf[5] === 0x74 && buf[6] === 0x79 && buf[7] === 0x70) ||","\t\t(buf[0] === 0x33 && buf[1] === 0x67 && buf[2] === 0x70 && buf[3] === 0x35) ||","\t\t(buf[0] === 0x0 && buf[1] === 0x0 && buf[2] === 0x0 && buf[3] === 0x1C && buf[4] === 0x66 && buf[5] === 0x74 && buf[6] === 0x79 && buf[7] === 0x70 && buf[8] === 0x6D && buf[9] === 0x70 && buf[10] === 0x34 && buf[11] === 0x32 && buf[16] === 0x6D && buf[17] === 0x70 && buf[18] === 0x34 && buf[19] === 0x31 && buf[20] === 0x6D && buf[21] === 0x70 && buf[22] === 0x34 && buf[23] === 0x32 && buf[24] === 0x69 && buf[25] === 0x73 && buf[26] === 0x6F && buf[27] === 0x6D) ||","\t\t(buf[0] === 0x0 && buf[1] === 0x0 && buf[2] === 0x0 && buf[3] === 0x1C && buf[4] === 0x66 && buf[5] === 0x74 && buf[6] === 0x79 && buf[7] === 0x70 && buf[8] === 0x69 && buf[9] === 0x73 && buf[10] === 0x6F && buf[11] === 0x6D) ||","\t\t(buf[0] === 0x0 && buf[1] === 0x0 && buf[2] === 0x0 && buf[3] === 0x1c && buf[4] === 0x66 && buf[5] === 0x74 && buf[6] === 0x79 && buf[7] === 0x70 && buf[8] === 0x6D && buf[9] === 0x70 && buf[10] === 0x34 && buf[11] === 0x32 && buf[12] === 0x0 && buf[13] === 0x0 && buf[14] === 0x0 && buf[15] === 0x0)","\t) {","\t\treturn {","\t\t\text: 'mp4',","\t\t\tmime: 'video/mp4'","\t\t};","\t}","","\tif ((buf[0] === 0x0 && buf[1] === 0x0 && buf[2] === 0x0 && buf[3] === 0x1C && buf[4] === 0x66 && buf[5] === 0x74 && buf[6] === 0x79 && buf[7] === 0x70 && buf[8] === 0x4D && buf[9] === 0x34 && buf[10] === 0x56)) {","\t\treturn {","\t\t\text: 'm4v',","\t\t\tmime: 'video/x-m4v'","\t\t};","\t}","","\tif (buf[0] === 0x4D && buf[1] === 0x54 && buf[2] === 0x68 && buf[3] === 0x64) {","\t\treturn {","\t\t\text: 'mid',","\t\t\tmime: 'audio/midi'","\t\t};","\t}","","\t// https://github.com/threatstack/libmagic/blob/master/magic/Magdir/matroska","\tif (buf[0] === 0x1A && buf[1] === 0x45 && buf[2] === 0xDF && buf[3] === 0xA3) {","\t\tconst sliced = buf.subarray(4, 4 + 4096);","\t\tconst idPos = sliced.findIndex((el, i, arr) => arr[i] === 0x42 && arr[i + 1] === 0x82);","","\t\tif (idPos >= 0) {","\t\t\tconst docTypePos = idPos + 3;","\t\t\tconst findDocType = type => Array.from(type).every((c, i) => sliced[docTypePos + i] === c.charCodeAt(0));","","\t\t\tif (findDocType('matroska')) {","\t\t\t\treturn {","\t\t\t\t\text: 'mkv',","\t\t\t\t\tmime: 'video/x-matroska'","\t\t\t\t};","\t\t\t}","\t\t\tif (findDocType('webm')) {","\t\t\t\treturn {","\t\t\t\t\text: 'webm',","\t\t\t\t\tmime: 'video/webm'","\t\t\t\t};","\t\t\t}","\t\t}","\t}","","\tif (buf[0] === 0x0 && buf[1] === 0x0 && buf[2] === 0x0 && buf[3] === 0x14 && buf[4] === 0x66 && buf[5] === 0x74 && buf[6] === 0x79 && buf[7] === 0x70) {","\t\treturn {","\t\t\text: 'mov',","\t\t\tmime: 'video/quicktime'","\t\t};","\t}","","\tif (buf[0] === 0x52 && buf[1] === 0x49 && buf[2] === 0x46 && buf[3] === 0x46 && buf[8] === 0x41 && buf[9] === 0x56 && buf[10] === 0x49) {","\t\treturn {","\t\t\text: 'avi',","\t\t\tmime: 'video/x-msvideo'","\t\t};","\t}","","\tif (buf[0] === 0x30 && buf[1] === 0x26 && buf[2] === 0xB2 && buf[3] === 0x75 && buf[4] === 0x8E && buf[5] === 0x66 && buf[6] === 0xCF && buf[7] === 0x11 && buf[8] === 0xA6 && buf[9] === 0xD9) {","\t\treturn {","\t\t\text: 'wmv',","\t\t\tmime: 'video/x-ms-wmv'","\t\t};","\t}","","\tif (buf[0] === 0x0 && buf[1] === 0x0 && buf[2] === 0x1 && buf[3].toString(16)[0] === 'b') {","\t\treturn {","\t\t\text: 'mpg',","\t\t\tmime: 'video/mpeg'","\t\t};","\t}","","\tif ((buf[0] === 0x49 && buf[1] === 0x44 && buf[2] === 0x33) || (buf[0] === 0xFF && buf[1] === 0xfb)) {","\t\treturn {","\t\t\text: 'mp3',","\t\t\tmime: 'audio/mpeg'","\t\t};","\t}","","\tif ((buf[4] === 0x66 && buf[5] === 0x74 && buf[6] === 0x79 && buf[7] === 0x70 && buf[8] === 0x4D && buf[9] === 0x34 && buf[10] === 0x41) || (buf[0] === 0x4D && buf[1] === 0x34 && buf[2] === 0x41 && buf[3] === 0x20)) {","\t\treturn {","\t\t\text: 'm4a',","\t\t\tmime: 'audio/m4a'","\t\t};","\t}","","\t// needs to be before `ogg` check","\tif (buf[28] === 0x4F && buf[29] === 0x70 && buf[30] === 0x75 && buf[31] === 0x73 && buf[32] === 0x48 && buf[33] === 0x65 && buf[34] === 0x61 && buf[35] === 0x64) {","\t\treturn {","\t\t\text: 'opus',","\t\t\tmime: 'audio/opus'","\t\t};","\t}","","\tif (buf[0] === 0x4F && buf[1] === 0x67 && buf[2] === 0x67 && buf[3] === 0x53) {","\t\treturn {","\t\t\text: 'ogg',","\t\t\tmime: 'audio/ogg'","\t\t};","\t}","","\tif (buf[0] === 0x66 && buf[1] === 0x4C && buf[2] === 0x61 && buf[3] === 0x43) {","\t\treturn {","\t\t\text: 'flac',","\t\t\tmime: 'audio/x-flac'","\t\t};","\t}","","\tif (buf[0] === 0x52 && buf[1] === 0x49 && buf[2] === 0x46 && buf[3] === 0x46 && buf[8] === 0x57 && buf[9] === 0x41 && buf[10] === 0x56 && buf[11] === 0x45) {","\t\treturn {","\t\t\text: 'wav',","\t\t\tmime: 'audio/x-wav'","\t\t};","\t}","","\tif (buf[0] === 0x23 && buf[1] === 0x21 && buf[2] === 0x41 && buf[3] === 0x4D && buf[4] === 0x52 && buf[5] === 0x0A) {","\t\treturn {","\t\t\text: 'amr',","\t\t\tmime: 'audio/amr'","\t\t};","\t}","","\tif (buf[0] === 0x25 && buf[1] === 0x50 && buf[2] === 0x44 && buf[3] === 0x46) {","\t\treturn {","\t\t\text: 'pdf',","\t\t\tmime: 'application/pdf'","\t\t};","\t}","","\tif (buf[0] === 0x4D && buf[1] === 0x5A) {","\t\treturn {","\t\t\text: 'exe',","\t\t\tmime: 'application/x-msdownload'","\t\t};","\t}","","\tif ((buf[0] === 0x43 || buf[0] === 0x46) && buf[1] === 0x57 && buf[2] === 0x53) {","\t\treturn {","\t\t\text: 'swf',","\t\t\tmime: 'application/x-shockwave-flash'","\t\t};","\t}","","\tif (buf[0] === 0x7B && buf[1] === 0x5C && buf[2] === 0x72 && buf[3] === 0x74 && buf[4] === 0x66) {","\t\treturn {","\t\t\text: 'rtf',","\t\t\tmime: 'application/rtf'","\t\t};","\t}","","\tif (","\t\t(buf[0] === 0x77 && buf[1] === 0x4F && buf[2] === 0x46 && buf[3] === 0x46) &&","\t\t(","\t\t\t(buf[4] === 0x00 && buf[5] === 0x01 && buf[6] === 0x00 && buf[7] === 0x00) ||","\t\t\t(buf[4] === 0x4F && buf[5] === 0x54 && buf[6] === 0x54 && buf[7] === 0x4F)","\t\t)","\t) {","\t\treturn {","\t\t\text: 'woff',","\t\t\tmime: 'application/font-woff'","\t\t};","\t}","","\tif (","\t\t(buf[0] === 0x77 && buf[1] === 0x4F && buf[2] === 0x46 && buf[3] === 0x32) &&","\t\t(","\t\t\t(buf[4] === 0x00 && buf[5] === 0x01 && buf[6] === 0x00 && buf[7] === 0x00) ||","\t\t\t(buf[4] === 0x4F && buf[5] === 0x54 && buf[6] === 0x54 && buf[7] === 0x4F)","\t\t)","\t) {","\t\treturn {","\t\t\text: 'woff2',","\t\t\tmime: 'application/font-woff'","\t\t};","\t}","","\tif (","\t\t(buf[34] === 0x4C && buf[35] === 0x50) &&","\t\t(","\t\t\t(buf[8] === 0x00 && buf[9] === 0x00 && buf[10] === 0x01) ||","\t\t\t(buf[8] === 0x01 && buf[9] === 0x00 && buf[10] === 0x02) ||","\t\t\t(buf[8] === 0x02 && buf[9] === 0x00 && buf[10] === 0x02)","\t\t)","\t) {","\t\treturn {","\t\t\text: 'eot',","\t\t\tmime: 'application/octet-stream'","\t\t};","\t}","","\tif (buf[0] === 0x00 && buf[1] === 0x01 && buf[2] === 0x00 && buf[3] === 0x00 && buf[4] === 0x00) {","\t\treturn {","\t\t\text: 'ttf',","\t\t\tmime: 'application/font-sfnt'","\t\t};","\t}","","\tif (buf[0] === 0x4F && buf[1] === 0x54 && buf[2] === 0x54 && buf[3] === 0x4F && buf[4] === 0x00) {","\t\treturn {","\t\t\text: 'otf',","\t\t\tmime: 'application/font-sfnt'","\t\t};","\t}","","\tif (buf[0] === 0x00 && buf[1] === 0x00 && buf[2] === 0x01 && buf[3] === 0x00) {","\t\treturn {","\t\t\text: 'ico',","\t\t\tmime: 'image/x-icon'","\t\t};","\t}","","\tif (buf[0] === 0x46 && buf[1] === 0x4C && buf[2] === 0x56 && buf[3] === 0x01) {","\t\treturn {","\t\t\text: 'flv',","\t\t\tmime: 'video/x-flv'","\t\t};","\t}","","\tif (buf[0] === 0x25 && buf[1] === 0x21) {","\t\treturn {","\t\t\text: 'ps',","\t\t\tmime: 'application/postscript'","\t\t};","\t}","","\tif (buf[0] === 0xFD && buf[1] === 0x37 && buf[2] === 0x7A && buf[3] === 0x58 && buf[4] === 0x5A && buf[5] === 0x00) {","\t\treturn {","\t\t\text: 'xz',","\t\t\tmime: 'application/x-xz'","\t\t};","\t}","","\tif (buf[0] === 0x53 && buf[1] === 0x51 && buf[2] === 0x4C && buf[3] === 0x69) {","\t\treturn {","\t\t\text: 'sqlite',","\t\t\tmime: 'application/x-sqlite3'","\t\t};","\t}","","\tif (buf[0] === 0x4E && buf[1] === 0x45 && buf[2] === 0x53 && buf[3] === 0x1A) {","\t\treturn {","\t\t\text: 'nes',","\t\t\tmime: 'application/x-nintendo-nes-rom'","\t\t};","\t}","","\tif (buf[0] === 0x43 && buf[1] === 0x72 && buf[2] === 0x32 && buf[3] === 0x34) {","\t\treturn {","\t\t\text: 'crx',","\t\t\tmime: 'application/x-google-chrome-extension'","\t\t};","\t}","","\tif (","\t\t(buf[0] === 0x4D && buf[1] === 0x53 && buf[2] === 0x43 && buf[3] === 0x46) ||","\t\t(buf[0] === 0x49 && buf[1] === 0x53 && buf[2] === 0x63 && buf[3] === 0x28)","\t) {","\t\treturn {","\t\t\text: 'cab',","\t\t\tmime: 'application/vnd.ms-cab-compressed'","\t\t};","\t}","","\t// needs to be before `ar` check","\tif (buf[0] === 0x21 && buf[1] === 0x3C && buf[2] === 0x61 && buf[3] === 0x72 && buf[4] === 0x63 && buf[5] === 0x68 && buf[6] === 0x3E && buf[7] === 0x0A && buf[8] === 0x64 && buf[9] === 0x65 && buf[10] === 0x62 && buf[11] === 0x69 && buf[12] === 0x61 && buf[13] === 0x6E && buf[14] === 0x2D && buf[15] === 0x62 && buf[16] === 0x69 && buf[17] === 0x6E && buf[18] === 0x61 && buf[19] === 0x72 && buf[20] === 0x79) {","\t\treturn {","\t\t\text: 'deb',","\t\t\tmime: 'application/x-deb'","\t\t};","\t}","","\tif (buf[0] === 0x21 && buf[1] === 0x3C && buf[2] === 0x61 && buf[3] === 0x72 && buf[4] === 0x63 && buf[5] === 0x68 && buf[6] === 0x3E) {","\t\treturn {","\t\t\text: 'ar',","\t\t\tmime: 'application/x-unix-archive'","\t\t};","\t}","","\tif (buf[0] === 0xED && buf[1] === 0xAB && buf[2] === 0xEE && buf[3] === 0xDB) {","\t\treturn {","\t\t\text: 'rpm',","\t\t\tmime: 'application/x-rpm'","\t\t};","\t}","","\tif (","\t\t(buf[0] === 0x1F && buf[1] === 0xA0) ||","\t\t(buf[0] === 0x1F && buf[1] === 0x9D)","\t) {","\t\treturn {","\t\t\text: 'Z',","\t\t\tmime: 'application/x-compress'","\t\t};","\t}","","\tif (buf[0] === 0x4C && buf[1] === 0x5A && buf[2] === 0x49 && buf[3] === 0x50) {","\t\treturn {","\t\t\text: 'lz',","\t\t\tmime: 'application/x-lzip'","\t\t};","\t}","","\tif (buf[0] === 0xD0 && buf[1] === 0xCF && buf[2] === 0x11 && buf[3] === 0xE0 && buf[4] === 0xA1 && buf[5] === 0xB1 && buf[6] === 0x1A && buf[7] === 0xE1) {","\t\treturn {","\t\t\text: 'msi',","\t\t\tmime: 'application/x-msi'","\t\t};","\t}","","\tif (buf[0] === 0x06 && buf[1] === 0x0E && buf[2] === 0x2B && buf[3] === 0x34 && buf[4] === 0x02 && buf[5] === 0x05 && buf[6] === 0x01 && buf[7] === 0x01 && buf[8] === 0x0D && buf[9] === 0x01 && buf[10] === 0x02 && buf[11] === 0x01 && buf[12] === 0x01 && buf[13] === 0x02) {","\t\treturn {","\t\t\text: 'mxf',","\t\t\tmime: 'application/mxf'","\t\t};","\t}","","\treturn null;","};",""],"l":{"2":1,"3":0,"5":0,"6":0,"9":0,"10":0,"16":0,"17":0,"23":0,"24":0,"30":0,"31":0,"37":0,"38":0,"45":0,"46":0,"52":0,"53":0,"59":0,"60":0,"66":0,"67":0,"73":0,"74":0,"81":0,"82":0,"90":0,"91":0,"97":0,"98":0,"104":0,"105":0,"111":0,"112":0,"118":0,"119":0,"125":0,"126":0,"132":0,"133":0,"139":0,"140":0,"146":0,"153":0,"159":0,"160":0,"166":0,"167":0,"174":0,"175":0,"176":0,"178":0,"179":0,"180":0,"182":0,"183":0,"188":0,"189":0,"197":0,"198":0,"204":0,"205":0,"211":0,"212":0,"218":0,"219":0,"225":0,"226":0,"232":0,"233":0,"240":0,"241":0,"247":0,"248":0,"254":0,"255":0,"261":0,"262":0,"268":0,"269":0,"275":0,"276":0,"282":0,"283":0,"289":0,"290":0,"296":0,"297":0,"303":0,"310":0,"316":0,"323":0,"329":0,"337":0,"343":0,"344":0,"350":0,"351":0,"357":0,"358":0,"364":0,"365":0,"371":0,"372":0,"378":0,"379":0,"385":0,"386":0,"392":0,"393":0,"399":0,"400":0,"406":0,"410":0,"417":0,"418":0,"424":0,"425":0,"431":0,"432":0,"438":0,"442":0,"448":0,"449":0,"455":0,"456":0,"462":0,"463":0,"469":0}}}